========= PYTHON VERSION (to establish if running through pure python or Anaconda =========== 
Python 3.6.7
Requirement already satisfied: tensorflow-gpu==2.0.0-alpha0 in /home/students/gryba002/.local/lib/python3.6/site-packages (2.0.0a0)
Requirement already satisfied: six>=1.10.0 in /home/students/gryba002/.local/lib/python3.6/site-packages (from tensorflow-gpu==2.0.0-alpha0) (1.12.0)
Requirement already satisfied: termcolor>=1.1.0 in /usr/local/lib/python3.6/dist-packages (from tensorflow-gpu==2.0.0-alpha0) (1.1.0)
Requirement already satisfied: tf-estimator-nightly<1.14.0.dev2019030116,>=1.14.0.dev2019030115 in /home/students/gryba002/.local/lib/python3.6/site-packages (from tensorflow-gpu==2.0.0-alpha0) (1.14.0.dev2019030115)
Requirement already satisfied: protobuf>=3.6.1 in /home/students/gryba002/.local/lib/python3.6/site-packages (from tensorflow-gpu==2.0.0-alpha0) (3.8.0)
Requirement already satisfied: keras-applications>=1.0.6 in /home/students/gryba002/.local/lib/python3.6/site-packages (from tensorflow-gpu==2.0.0-alpha0) (1.0.8)
Requirement already satisfied: grpcio>=1.8.6 in /home/students/gryba002/.local/lib/python3.6/site-packages (from tensorflow-gpu==2.0.0-alpha0) (1.21.1)
Requirement already satisfied: wheel>=0.26 in /usr/lib/python3/dist-packages (from tensorflow-gpu==2.0.0-alpha0) (0.30.0)
Requirement already satisfied: tb-nightly<1.14.0a20190302,>=1.14.0a20190301 in /home/students/gryba002/.local/lib/python3.6/site-packages (from tensorflow-gpu==2.0.0-alpha0) (1.14.0a20190301)
Requirement already satisfied: keras-preprocessing>=1.0.5 in /home/students/gryba002/.local/lib/python3.6/site-packages (from tensorflow-gpu==2.0.0-alpha0) (1.1.0)
Requirement already satisfied: numpy<2.0,>=1.14.5 in /home/students/gryba002/.local/lib/python3.6/site-packages (from tensorflow-gpu==2.0.0-alpha0) (1.16.4)
Requirement already satisfied: absl-py>=0.7.0 in /home/students/gryba002/.local/lib/python3.6/site-packages (from tensorflow-gpu==2.0.0-alpha0) (0.7.1)
Requirement already satisfied: gast>=0.2.0 in /usr/local/lib/python3.6/dist-packages (from tensorflow-gpu==2.0.0-alpha0) (0.2.2)
Requirement already satisfied: astor>=0.6.0 in /home/students/gryba002/.local/lib/python3.6/site-packages (from tensorflow-gpu==2.0.0-alpha0) (0.8.0)
Requirement already satisfied: google-pasta>=0.1.2 in /home/students/gryba002/.local/lib/python3.6/site-packages (from tensorflow-gpu==2.0.0-alpha0) (0.1.7)
Requirement already satisfied: setuptools in /usr/lib/python3/dist-packages (from protobuf>=3.6.1->tensorflow-gpu==2.0.0-alpha0) (39.0.1)
Requirement already satisfied: h5py in /usr/local/lib/python3.6/dist-packages (from keras-applications>=1.0.6->tensorflow-gpu==2.0.0-alpha0) (2.9.0)
Requirement already satisfied: werkzeug>=0.11.15 in /home/students/gryba002/.local/lib/python3.6/site-packages (from tb-nightly<1.14.0a20190302,>=1.14.0a20190301->tensorflow-gpu==2.0.0-alpha0) (0.15.4)
Requirement already satisfied: markdown>=2.6.8 in /home/students/gryba002/.local/lib/python3.6/site-packages (from tb-nightly<1.14.0a20190302,>=1.14.0a20190301->tensorflow-gpu==2.0.0-alpha0) (3.1.1)
You are using pip version 19.0.3, however version 19.1.1 is available.
You should consider upgrading via the 'pip install --upgrade pip' command.
=====START OF THE ACTUAL JOB ====
0: 2019-06-07 15:15:59.483256: I tensorflow/core/platform/cpu_feature_guard.cc:142] Your CPU supports instructions that this TensorFlow binary was not compiled to use: AVX2 AVX512F FMA
0: 2019-06-07 15:15:59.495146: I tensorflow/stream_executor/platform/default/dso_loader.cc:42] Successfully opened dynamic library libcuda.so.1
0: 2019-06-07 15:15:59.901451: I tensorflow/compiler/xla/service/service.cc:162] XLA service 0x450e030 executing computations on platform CUDA. Devices:
0: 2019-06-07 15:15:59.901500: I tensorflow/compiler/xla/service/service.cc:169]   StreamExecutor device (0): Tesla  M10, Compute Capability 5.0
0: 2019-06-07 15:15:59.901512: I tensorflow/compiler/xla/service/service.cc:169]   StreamExecutor device (1): Tesla  M10, Compute Capability 5.0
0: 2019-06-07 15:15:59.901522: I tensorflow/compiler/xla/service/service.cc:169]   StreamExecutor device (2): Tesla  M10, Compute Capability 5.0
0: 2019-06-07 15:15:59.901530: I tensorflow/compiler/xla/service/service.cc:169]   StreamExecutor device (3): Tesla  M10, Compute Capability 5.0
0: 2019-06-07 15:15:59.924518: I tensorflow/core/platform/profile_utils/cpu_utils.cc:94] CPU Frequency: 3200000000 Hz
0: 2019-06-07 15:15:59.925038: I tensorflow/compiler/xla/service/service.cc:162] XLA service 0x43e7470 executing computations on platform Host. Devices:
0: 2019-06-07 15:15:59.925084: I tensorflow/compiler/xla/service/service.cc:169]   StreamExecutor device (0): <undefined>, <undefined>
0: 2019-06-07 15:15:59.925905: I tensorflow/core/common_runtime/gpu/gpu_device.cc:1467] Found device 0 with properties: 
0: name: Tesla  M10 major: 5 minor: 0 memoryClockRate(GHz): 1.0325
0: pciBusID: 0000:3d:00.0
0: totalMemory: 7.94GiB freeMemory: 7.90GiB
0: 2019-06-07 15:15:59.926530: I tensorflow/core/common_runtime/gpu/gpu_device.cc:1467] Found device 1 with properties: 
0: name: Tesla  M10 major: 5 minor: 0 memoryClockRate(GHz): 1.0325
0: pciBusID: 0000:3e:00.0
0: totalMemory: 7.94GiB freeMemory: 7.90GiB
0: 2019-06-07 15:15:59.927145: I tensorflow/core/common_runtime/gpu/gpu_device.cc:1467] Found device 2 with properties: 
0: name: Tesla  M10 major: 5 minor: 0 memoryClockRate(GHz): 1.0325
0: pciBusID: 0000:3f:00.0
0: totalMemory: 7.94GiB freeMemory: 7.90GiB
0: 2019-06-07 15:15:59.927779: I tensorflow/core/common_runtime/gpu/gpu_device.cc:1467] Found device 3 with properties: 
0: name: Tesla  M10 major: 5 minor: 0 memoryClockRate(GHz): 1.0325
0: pciBusID: 0000:40:00.0
0: totalMemory: 7.94GiB freeMemory: 7.90GiB
0: 2019-06-07 15:15:59.928045: I tensorflow/core/common_runtime/gpu/gpu_device.cc:1546] Adding visible gpu devices: 0, 1, 2, 3
0: 2019-06-07 15:15:59.928144: I tensorflow/stream_executor/platform/default/dso_loader.cc:42] Successfully opened dynamic library libcudart.so.10.0
0: 2019-06-07 15:15:59.941863: I tensorflow/core/common_runtime/gpu/gpu_device.cc:1015] Device interconnect StreamExecutor with strength 1 edge matrix:
0: 2019-06-07 15:15:59.941907: I tensorflow/core/common_runtime/gpu/gpu_device.cc:1021]      0 1 2 3 
0: 2019-06-07 15:15:59.941939: I tensorflow/core/common_runtime/gpu/gpu_device.cc:1034] 0:   N N N N 
0: 2019-06-07 15:15:59.941947: I tensorflow/core/common_runtime/gpu/gpu_device.cc:1034] 1:   N N N N 
0: 2019-06-07 15:15:59.941955: I tensorflow/core/common_runtime/gpu/gpu_device.cc:1034] 2:   N N N N 
0: 2019-06-07 15:15:59.941963: I tensorflow/core/common_runtime/gpu/gpu_device.cc:1034] 3:   N N N N 
0: 2019-06-07 15:15:59.943546: I tensorflow/core/common_runtime/gpu/gpu_device.cc:1149] Created TensorFlow device (/job:localhost/replica:0/task:0/device:GPU:0 with 7685 MB memory) -> physical GPU (device: 0, name: Tesla  M10, pci bus id: 0000:3d:00.0, compute capability: 5.0)
0: 2019-06-07 15:15:59.943917: I tensorflow/core/common_runtime/gpu/gpu_device.cc:1149] Created TensorFlow device (/job:localhost/replica:0/task:0/device:GPU:1 with 7685 MB memory) -> physical GPU (device: 1, name: Tesla  M10, pci bus id: 0000:3e:00.0, compute capability: 5.0)
0: 2019-06-07 15:15:59.944222: I tensorflow/core/common_runtime/gpu/gpu_device.cc:1149] Created TensorFlow device (/job:localhost/replica:0/task:0/device:GPU:2 with 7685 MB memory) -> physical GPU (device: 2, name: Tesla  M10, pci bus id: 0000:3f:00.0, compute capability: 5.0)
0: 2019-06-07 15:15:59.944580: I tensorflow/core/common_runtime/gpu/gpu_device.cc:1149] Created TensorFlow device (/job:localhost/replica:0/task:0/device:GPU:3 with 7685 MB memory) -> physical GPU (device: 3, name: Tesla  M10, pci bus id: 0000:40:00.0, compute capability: 5.0)
0: 2019-06-07 15:17:27.716210: I tensorflow/stream_executor/platform/default/dso_loader.cc:42] Successfully opened dynamic library libcublas.so.10.0
0: ------------ TENSORFLOW VERSION and Layer normalization visibility-----------------
0: 2.0.0-alpha0
0: <class 'tensorflow.python.keras.layers.normalization.LayerNormalization'>
0: ===== START OF THE DATASET SAMPLES PREPROCESSING =========== 
0: Start unpickle-ing the allPreprocessedSummaries file
0: Finished unpickle-ing the allPreprocessedSummaries file to the list, 
0:  Time taken:  0.80112165492028
0: Start unpickle-ing the allPreprocessedTexts file
0: Finished unpickle-ing the allPreprocessedTexts file to the list, 
0:  Time taken:  4.649503441527486
0: BEGUN: preprocessing pipeline on inputs
0: FINISHED: Time taken: 47.2s 
0: -----------------
0: BEGUN: preprocessing pipeline on summaries
0: FINISHED: Time taken: 56.7s 
0: -----------------
0: Epoch 1 Batch 0 Loss 2.0991 Accuracy 0.0000
0: Epoch 1 Loss 2.0357 Accuracy 0.0000
0: Time taken for 1 epoch: 41.46232056617737 secs
0: 
0: Epoch 2 Batch 0 Loss 2.0982 Accuracy 0.0000
0: Epoch 2 Loss 2.0344 Accuracy 0.0000
0: Time taken for 1 epoch: 29.75167751312256 secs
0: 
0: Epoch 3 Batch 0 Loss 2.0958 Accuracy 0.0000
0: Epoch 3 Loss 2.0313 Accuracy 0.0000
0: Time taken for 1 epoch: 29.76614475250244 secs
0: 
0: Epoch 4 Batch 0 Loss 2.0921 Accuracy 0.0000
0: Epoch 4 Loss 2.0268 Accuracy 0.0000
0: Time taken for 1 epoch: 29.84348964691162 secs
0: 
0: Epoch 5 Batch 0 Loss 2.0868 Accuracy 0.0000
0: Saving checkpoint for epoch 5 at ./checkpoints/train/ckpt-1
0: Epoch 5 Loss 2.0210 Accuracy 0.0000
0: Time taken for 1 epoch: 30.51527738571167 secs
0: 
0: Epoch 6 Batch 0 Loss 2.0807 Accuracy 0.0001
0: Epoch 6 Loss 2.0143 Accuracy 0.0015
0: Time taken for 1 epoch: 29.76425004005432 secs
0: 
0: Epoch 7 Batch 0 Loss 2.0735 Accuracy 0.0065
0: Epoch 7 Loss 2.0069 Accuracy 0.0170
0: Time taken for 1 epoch: 29.811883687973022 secs
0: 
0: Epoch 8 Batch 0 Loss 2.0660 Accuracy 0.0262
0: Epoch 8 Loss 1.9992 Accuracy 0.0286
0: Time taken for 1 epoch: 29.87635040283203 secs
0: 
0: Epoch 9 Batch 0 Loss 2.0578 Accuracy 0.0299
0: Epoch 9 Loss 1.9908 Accuracy 0.0302
0: Time taken for 1 epoch: 29.800865650177002 secs
0: 
0: Epoch 10 Batch 0 Loss 2.0492 Accuracy 0.0302
0: Saving checkpoint for epoch 10 at ./checkpoints/train/ckpt-2
0: Epoch 10 Loss 1.9816 Accuracy 0.0303
0: Time taken for 1 epoch: 30.25538468360901 secs
0: 
0: Epoch 11 Batch 0 Loss 2.0397 Accuracy 0.0302
0: Epoch 11 Loss 1.9712 Accuracy 0.0303
0: Time taken for 1 epoch: 29.83247971534729 secs
0: 
0: Epoch 12 Batch 0 Loss 2.0288 Accuracy 0.0303
0: Epoch 12 Loss 1.9589 Accuracy 0.0303
0: Time taken for 1 epoch: 29.79624319076538 secs
0: 
0: Epoch 13 Batch 0 Loss 2.0152 Accuracy 0.0303
0: Epoch 13 Loss 1.9426 Accuracy 0.0303
0: Time taken for 1 epoch: 29.78084397315979 secs
0: 
0: Epoch 14 Batch 0 Loss 1.9967 Accuracy 0.0303
0: Epoch 14 Loss 1.9200 Accuracy 0.0303
0: Time taken for 1 epoch: 29.79381489753723 secs
0: 
0: Epoch 15 Batch 0 Loss 1.9719 Accuracy 0.0303
0: Saving checkpoint for epoch 15 at ./checkpoints/train/ckpt-3
0: Epoch 15 Loss 1.8911 Accuracy 0.0304
0: Time taken for 1 epoch: 30.16791582107544 secs
0: 
0: Epoch 16 Batch 0 Loss 1.9418 Accuracy 0.0304
0: Epoch 16 Loss 1.8583 Accuracy 0.0303
0: Time taken for 1 epoch: 29.751054048538208 secs
0: 
0: Epoch 17 Batch 0 Loss 1.9092 Accuracy 0.0303
0: Epoch 17 Loss 1.8241 Accuracy 0.0303
0: Time taken for 1 epoch: 29.759767770767212 secs
0: 
0: Epoch 18 Batch 0 Loss 1.8764 Accuracy 0.0303
0: Epoch 18 Loss 1.7910 Accuracy 0.0303
0: Time taken for 1 epoch: 29.769325494766235 secs
0: 
0: Epoch 19 Batch 0 Loss 1.8450 Accuracy 0.0303
0: Epoch 19 Loss 1.7590 Accuracy 0.0303
0: Time taken for 1 epoch: 29.778322458267212 secs
0: 
0: Epoch 20 Batch 0 Loss 1.8150 Accuracy 0.0303
0: Saving checkpoint for epoch 20 at ./checkpoints/train/ckpt-4
0: Epoch 20 Loss 1.7291 Accuracy 0.0303
0: Time taken for 1 epoch: 30.178243160247803 secs
0: 
0: Epoch 21 Batch 0 Loss 1.7874 Accuracy 0.0303
0: Epoch 21 Loss 1.7010 Accuracy 0.0303
0: Time taken for 1 epoch: 29.76931405067444 secs
0: 
0: Epoch 22 Batch 0 Loss 1.7601 Accuracy 0.0303
0: Epoch 22 Loss 1.6737 Accuracy 0.0303
0: Time taken for 1 epoch: 29.776238918304443 secs
0: 
0: Epoch 23 Batch 0 Loss 1.7342 Accuracy 0.0303
0: Epoch 23 Loss 1.6471 Accuracy 0.0303
0: Time taken for 1 epoch: 29.799021244049072 secs
0: 
0: Epoch 24 Batch 0 Loss 1.7078 Accuracy 0.0303
0: Epoch 24 Loss 1.6197 Accuracy 0.0303
0: Time taken for 1 epoch: 29.774712085723877 secs
0: 
0: Epoch 25 Batch 0 Loss 1.6799 Accuracy 0.0303
0: Saving checkpoint for epoch 25 at ./checkpoints/train/ckpt-5
0: Epoch 25 Loss 1.5923 Accuracy 0.0303
0: Time taken for 1 epoch: 30.205639600753784 secs
0: 
0: Epoch 26 Batch 0 Loss 1.6536 Accuracy 0.0303
0: Epoch 26 Loss 1.5654 Accuracy 0.0303
0: Time taken for 1 epoch: 29.747477769851685 secs
0: 
0: Epoch 27 Batch 0 Loss 1.6269 Accuracy 0.0303
0: Epoch 27 Loss 1.5407 Accuracy 0.0303
0: Time taken for 1 epoch: 29.75996446609497 secs
0: 
0: Epoch 28 Batch 0 Loss 1.6037 Accuracy 0.0303
0: Epoch 28 Loss 1.5180 Accuracy 0.0303
0: Time taken for 1 epoch: 29.74107599258423 secs
0: 
0: Epoch 29 Batch 0 Loss 1.5827 Accuracy 0.0303
0: Epoch 29 Loss 1.4971 Accuracy 0.0303
0: Time taken for 1 epoch: 29.697272062301636 secs
0: 
0: Epoch 30 Batch 0 Loss 1.5622 Accuracy 0.0303
0: Saving checkpoint for epoch 30 at ./checkpoints/train/ckpt-6
0: Epoch 30 Loss 1.4782 Accuracy 0.0305
0: Time taken for 1 epoch: 30.232425689697266 secs
0: 
0: Epoch 31 Batch 0 Loss 1.5448 Accuracy 0.0307
0: Epoch 31 Loss 1.4612 Accuracy 0.0308
0: Time taken for 1 epoch: 29.768192052841187 secs
0: 
0: Epoch 32 Batch 0 Loss 1.5283 Accuracy 0.0311
0: Epoch 32 Loss 1.4460 Accuracy 0.0313
0: Time taken for 1 epoch: 29.784892797470093 secs
0: 
0: Epoch 33 Batch 0 Loss 1.5137 Accuracy 0.0319
0: Epoch 33 Loss 1.4321 Accuracy 0.0319
0: Time taken for 1 epoch: 29.780136108398438 secs
0: 
0: Epoch 34 Batch 0 Loss 1.5004 Accuracy 0.0324
0: Epoch 34 Loss 1.4196 Accuracy 0.0325
0: Time taken for 1 epoch: 29.8007390499115 secs
0: 
0: Epoch 35 Batch 0 Loss 1.4880 Accuracy 0.0329
0: Saving checkpoint for epoch 35 at ./checkpoints/train/ckpt-7
0: Epoch 35 Loss 1.4076 Accuracy 0.0332
0: Time taken for 1 epoch: 30.222715616226196 secs
0: 
0: Epoch 36 Batch 0 Loss 1.4761 Accuracy 0.0334
0: Epoch 36 Loss 1.3966 Accuracy 0.0338
0: Time taken for 1 epoch: 29.782982110977173 secs
0: 
0: Epoch 37 Batch 0 Loss 1.4656 Accuracy 0.0340
0: Epoch 37 Loss 1.3862 Accuracy 0.0342
0: Time taken for 1 epoch: 29.761319398880005 secs
0: 
0: Epoch 38 Batch 0 Loss 1.4557 Accuracy 0.0347
0: Epoch 38 Loss 1.3762 Accuracy 0.0350
0: Time taken for 1 epoch: 29.740408182144165 secs
0: 
0: Epoch 39 Batch 0 Loss 1.4455 Accuracy 0.0350
0: Epoch 39 Loss 1.3664 Accuracy 0.0359
0: Time taken for 1 epoch: 29.788791179656982 secs
0: 
0: Epoch 40 Batch 0 Loss 1.4345 Accuracy 0.0361
0: Saving checkpoint for epoch 40 at ./checkpoints/train/ckpt-8
0: Epoch 40 Loss 1.3570 Accuracy 0.0369
0: Time taken for 1 epoch: 30.472216606140137 secs
0: 
0: Epoch 41 Batch 0 Loss 1.4256 Accuracy 0.0368
0: Epoch 41 Loss 1.3480 Accuracy 0.0379
0: Time taken for 1 epoch: 29.82221508026123 secs
0: 
0: Epoch 42 Batch 0 Loss 1.4173 Accuracy 0.0376
0: Epoch 42 Loss 1.3395 Accuracy 0.0385
0: Time taken for 1 epoch: 29.793307065963745 secs
0: 
0: Epoch 43 Batch 0 Loss 1.4089 Accuracy 0.0386
0: Epoch 43 Loss 1.3316 Accuracy 0.0389
0: Time taken for 1 epoch: 29.82300114631653 secs
0: 
0: Epoch 44 Batch 0 Loss 1.4016 Accuracy 0.0386
0: Epoch 44 Loss 1.3238 Accuracy 0.0394
0: Time taken for 1 epoch: 29.78894066810608 secs
0: 
0: Epoch 45 Batch 0 Loss 1.3941 Accuracy 0.0389
0: Saving checkpoint for epoch 45 at ./checkpoints/train/ckpt-9
0: Epoch 45 Loss 1.3164 Accuracy 0.0397
0: Time taken for 1 epoch: 30.13835120201111 secs
0: 
0: Epoch 46 Batch 0 Loss 1.3862 Accuracy 0.0394
0: Epoch 46 Loss 1.3094 Accuracy 0.0399
0: Time taken for 1 epoch: 29.71408724784851 secs
0: 
0: Epoch 47 Batch 0 Loss 1.3794 Accuracy 0.0393
0: Epoch 47 Loss 1.3028 Accuracy 0.0401
0: Time taken for 1 epoch: 29.748704433441162 secs
0: 
0: Epoch 48 Batch 0 Loss 1.3737 Accuracy 0.0396
0: Epoch 48 Loss 1.2963 Accuracy 0.0403
0: Time taken for 1 epoch: 29.78118348121643 secs
0: 
0: Epoch 49 Batch 0 Loss 1.3652 Accuracy 0.0399
0: Epoch 49 Loss 1.2895 Accuracy 0.0403
0: Time taken for 1 epoch: 29.734686374664307 secs
0: 
0: Epoch 50 Batch 0 Loss 1.3588 Accuracy 0.0400
0: Saving checkpoint for epoch 50 at ./checkpoints/train/ckpt-10
0: Epoch 50 Loss 1.2828 Accuracy 0.0408
0: Time taken for 1 epoch: 30.34496283531189 secs
0: 
0: Epoch 51 Batch 0 Loss 1.3527 Accuracy 0.0399
0: Epoch 51 Loss 1.2763 Accuracy 0.0411
0: Time taken for 1 epoch: 29.776733875274658 secs
0: 
0: Epoch 52 Batch 0 Loss 1.3455 Accuracy 0.0406
0: Epoch 52 Loss 1.2692 Accuracy 0.0416
0: Time taken for 1 epoch: 29.763041973114014 secs
0: 
0: Epoch 53 Batch 0 Loss 1.3386 Accuracy 0.0413
0: Epoch 53 Loss 1.2624 Accuracy 0.0421
0: Time taken for 1 epoch: 29.773389101028442 secs
0: 
0: Epoch 54 Batch 0 Loss 1.3318 Accuracy 0.0420
0: Epoch 54 Loss 1.2553 Accuracy 0.0428
0: Time taken for 1 epoch: 29.75181794166565 secs
0: 
0: Epoch 55 Batch 0 Loss 1.3246 Accuracy 0.0421
0: Saving checkpoint for epoch 55 at ./checkpoints/train/ckpt-11
0: Epoch 55 Loss 1.2476 Accuracy 0.0435
0: Time taken for 1 epoch: 30.17344331741333 secs
0: 
0: Epoch 56 Batch 0 Loss 1.3175 Accuracy 0.0423
0: Epoch 56 Loss 1.2400 Accuracy 0.0439
0: Time taken for 1 epoch: 29.826281547546387 secs
0: 
0: Epoch 57 Batch 0 Loss 1.3099 Accuracy 0.0428
0: Epoch 57 Loss 1.2318 Accuracy 0.0446
0: Time taken for 1 epoch: 29.774166345596313 secs
0: 
0: Epoch 58 Batch 0 Loss 1.3007 Accuracy 0.0440
0: Epoch 58 Loss 1.2229 Accuracy 0.0453
0: Time taken for 1 epoch: 29.750036239624023 secs
0: 
0: Epoch 59 Batch 0 Loss 1.2923 Accuracy 0.0449
0: Epoch 59 Loss 1.2144 Accuracy 0.0460
0: Time taken for 1 epoch: 29.75513529777527 secs
0: 
0: Epoch 60 Batch 0 Loss 1.2850 Accuracy 0.0458
0: Saving checkpoint for epoch 60 at ./checkpoints/train/ckpt-12
0: Epoch 60 Loss 1.2058 Accuracy 0.0469
0: Time taken for 1 epoch: 30.220452785491943 secs
0: 
0: Epoch 61 Batch 0 Loss 1.2758 Accuracy 0.0461
0: Epoch 61 Loss 1.1967 Accuracy 0.0476
0: Time taken for 1 epoch: 29.78953981399536 secs
0: 
0: Epoch 62 Batch 0 Loss 1.2665 Accuracy 0.0474
0: Epoch 62 Loss 1.1874 Accuracy 0.0484
0: Time taken for 1 epoch: 29.780773401260376 secs
0: 
0: Epoch 63 Batch 0 Loss 1.2578 Accuracy 0.0475
0: Epoch 63 Loss 1.1787 Accuracy 0.0488
0: Time taken for 1 epoch: 29.778329849243164 secs
0: 
0: Epoch 64 Batch 0 Loss 1.2508 Accuracy 0.0485
0: Epoch 64 Loss 1.1700 Accuracy 0.0497
0: Time taken for 1 epoch: 29.80155372619629 secs
0: 
0: Epoch 65 Batch 0 Loss 1.2421 Accuracy 0.0493
0: Saving checkpoint for epoch 65 at ./checkpoints/train/ckpt-13
0: Epoch 65 Loss 1.1610 Accuracy 0.0503
0: Time taken for 1 epoch: 30.1446692943573 secs
0: 
0: Epoch 66 Batch 0 Loss 1.2315 Accuracy 0.0497
0: Epoch 66 Loss 1.1515 Accuracy 0.0510
0: Time taken for 1 epoch: 29.745296955108643 secs
0: 
0: Epoch 67 Batch 0 Loss 1.2216 Accuracy 0.0511
0: Epoch 67 Loss 1.1424 Accuracy 0.0520
0: Time taken for 1 epoch: 29.710655689239502 secs
0: 
0: Epoch 68 Batch 0 Loss 1.2136 Accuracy 0.0515
0: Epoch 68 Loss 1.1340 Accuracy 0.0527
0: Time taken for 1 epoch: 29.703896284103394 secs
0: 
0: Epoch 69 Batch 0 Loss 1.2050 Accuracy 0.0525
0: Epoch 69 Loss 1.1245 Accuracy 0.0535
0: Time taken for 1 epoch: 29.706740856170654 secs
0: 
0: Epoch 70 Batch 0 Loss 1.1946 Accuracy 0.0532
0: Saving checkpoint for epoch 70 at ./checkpoints/train/ckpt-14
0: Epoch 70 Loss 1.1154 Accuracy 0.0543
0: Time taken for 1 epoch: 30.062835693359375 secs
0: 
0: Epoch 71 Batch 0 Loss 1.1859 Accuracy 0.0538
0: Epoch 71 Loss 1.1063 Accuracy 0.0552
0: Time taken for 1 epoch: 29.78105330467224 secs
0: 
0: Epoch 72 Batch 0 Loss 1.1771 Accuracy 0.0548
0: Epoch 72 Loss 1.0970 Accuracy 0.0560
0: Time taken for 1 epoch: 29.797598361968994 secs
0: 
0: Epoch 73 Batch 0 Loss 1.1651 Accuracy 0.0565
0: Epoch 73 Loss 1.0872 Accuracy 0.0570
0: Time taken for 1 epoch: 29.761301279067993 secs
0: 
0: Epoch 74 Batch 0 Loss 1.1586 Accuracy 0.0565
0: Epoch 74 Loss 1.0783 Accuracy 0.0578
0: Time taken for 1 epoch: 29.78082823753357 secs
0: 
0: Epoch 75 Batch 0 Loss 1.1468 Accuracy 0.0579
0: Saving checkpoint for epoch 75 at ./checkpoints/train/ckpt-15
0: Epoch 75 Loss 1.0688 Accuracy 0.0587
0: Time taken for 1 epoch: 30.0893394947052 secs
0: 
0: Epoch 76 Batch 0 Loss 1.1384 Accuracy 0.0588
0: Epoch 76 Loss 1.0601 Accuracy 0.0594
0: Time taken for 1 epoch: 29.779058933258057 secs
0: 
0: Epoch 77 Batch 0 Loss 1.1303 Accuracy 0.0594
0: Epoch 77 Loss 1.0524 Accuracy 0.0602
0: Time taken for 1 epoch: 29.773512840270996 secs
0: 
0: Epoch 78 Batch 0 Loss 1.1229 Accuracy 0.0596
0: Epoch 78 Loss 1.0441 Accuracy 0.0608
0: Time taken for 1 epoch: 29.7560555934906 secs
0: 
0: Epoch 79 Batch 0 Loss 1.1150 Accuracy 0.0605
0: Epoch 79 Loss 1.0355 Accuracy 0.0615
0: Time taken for 1 epoch: 29.72177290916443 secs
0: 
0: Epoch 80 Batch 0 Loss 1.1049 Accuracy 0.0612
0: Saving checkpoint for epoch 80 at ./checkpoints/train/ckpt-16
0: Epoch 80 Loss 1.0262 Accuracy 0.0625
0: Time taken for 1 epoch: 30.121154308319092 secs
0: 
0: Epoch 81 Batch 0 Loss 1.0980 Accuracy 0.0619
0: Epoch 81 Loss 1.0187 Accuracy 0.0631
0: Time taken for 1 epoch: 29.774855852127075 secs
0: 
0: Epoch 82 Batch 0 Loss 1.0886 Accuracy 0.0628
0: Epoch 82 Loss 1.0098 Accuracy 0.0640
0: Time taken for 1 epoch: 29.770649194717407 secs
0: 
0: Epoch 83 Batch 0 Loss 1.0805 Accuracy 0.0638
0: Epoch 83 Loss 1.0018 Accuracy 0.0647
0: Time taken for 1 epoch: 29.842416048049927 secs
0: 
0: Epoch 84 Batch 0 Loss 1.0742 Accuracy 0.0643
0: Epoch 84 Loss 0.9942 Accuracy 0.0654
0: Time taken for 1 epoch: 29.783875465393066 secs
0: 
0: Epoch 85 Batch 0 Loss 1.0662 Accuracy 0.0646
0: Saving checkpoint for epoch 85 at ./checkpoints/train/ckpt-17
0: Epoch 85 Loss 0.9861 Accuracy 0.0660
0: Time taken for 1 epoch: 30.279924392700195 secs
0: 
0: Epoch 86 Batch 0 Loss 1.0598 Accuracy 0.0650
0: Epoch 86 Loss 0.9787 Accuracy 0.0667
0: Time taken for 1 epoch: 29.73455238342285 secs
0: 
0: Epoch 87 Batch 0 Loss 1.0504 Accuracy 0.0662
0: Epoch 87 Loss 0.9708 Accuracy 0.0676
0: Time taken for 1 epoch: 29.72833514213562 secs
0: 
0: Epoch 88 Batch 0 Loss 1.0433 Accuracy 0.0673
0: Epoch 88 Loss 0.9630 Accuracy 0.0685
0: Time taken for 1 epoch: 29.74224328994751 secs
0: 
0: Epoch 89 Batch 0 Loss 1.0378 Accuracy 0.0673
0: Epoch 89 Loss 0.9569 Accuracy 0.0687
0: Time taken for 1 epoch: 29.750764846801758 secs
0: 
0: Epoch 90 Batch 0 Loss 1.0320 Accuracy 0.0672
0: Saving checkpoint for epoch 90 at ./checkpoints/train/ckpt-18
0: Epoch 90 Loss 0.9503 Accuracy 0.0694
0: Time taken for 1 epoch: 30.12574028968811 secs
0: 
0: Epoch 91 Batch 0 Loss 1.0249 Accuracy 0.0686
0: Epoch 91 Loss 0.9438 Accuracy 0.0702
0: Time taken for 1 epoch: 29.767300367355347 secs
0: 
0: Epoch 92 Batch 0 Loss 1.0217 Accuracy 0.0688
0: Epoch 92 Loss 0.9370 Accuracy 0.0707
0: Time taken for 1 epoch: 29.77910089492798 secs
0: 
0: Epoch 93 Batch 0 Loss 1.0113 Accuracy 0.0699
0: Epoch 93 Loss 0.9295 Accuracy 0.0716
0: Time taken for 1 epoch: 29.82570242881775 secs
0: 
0: Epoch 94 Batch 0 Loss 1.0020 Accuracy 0.0713
0: Epoch 94 Loss 0.9208 Accuracy 0.0726
0: Time taken for 1 epoch: 29.826008319854736 secs
0: 
0: Epoch 95 Batch 0 Loss 0.9961 Accuracy 0.0716
0: Saving checkpoint for epoch 95 at ./checkpoints/train/ckpt-19
0: Epoch 95 Loss 0.9134 Accuracy 0.0731
0: Time taken for 1 epoch: 30.114518404006958 secs
0: 
0: Epoch 96 Batch 0 Loss 0.9860 Accuracy 0.0721
0: Epoch 96 Loss 0.9063 Accuracy 0.0739
0: Time taken for 1 epoch: 29.800776481628418 secs
0: 
0: Epoch 97 Batch 0 Loss 0.9810 Accuracy 0.0720
0: Epoch 97 Loss 0.8991 Accuracy 0.0746
0: Time taken for 1 epoch: 29.765501499176025 secs
0: 
0: Epoch 98 Batch 0 Loss 0.9759 Accuracy 0.0734
0: Epoch 98 Loss 0.8936 Accuracy 0.0753
0: Time taken for 1 epoch: 29.763031005859375 secs
0: 
0: Epoch 99 Batch 0 Loss 0.9734 Accuracy 0.0725
0: Epoch 99 Loss 0.8881 Accuracy 0.0759
0: Time taken for 1 epoch: 29.768633127212524 secs
0: 
0: Epoch 100 Batch 0 Loss 0.9656 Accuracy 0.0739
0: Saving checkpoint for epoch 100 at ./checkpoints/train/ckpt-20
0: Epoch 100 Loss 0.8819 Accuracy 0.0762
0: Time taken for 1 epoch: 30.079917907714844 secs
0: 
0: Epoch 101 Batch 0 Loss 0.9553 Accuracy 0.0756
0: Epoch 101 Loss 0.8740 Accuracy 0.0775
0: Time taken for 1 epoch: 29.797265768051147 secs
0: 
0: Epoch 102 Batch 0 Loss 0.9532 Accuracy 0.0756
0: Epoch 102 Loss 0.8671 Accuracy 0.0781
0: Time taken for 1 epoch: 29.81047821044922 secs
0: 
0: Epoch 103 Batch 0 Loss 0.9458 Accuracy 0.0768
0: Epoch 103 Loss 0.8606 Accuracy 0.0788
0: Time taken for 1 epoch: 29.77826952934265 secs
0: 
0: Epoch 104 Batch 0 Loss 0.9358 Accuracy 0.0772
0: Epoch 104 Loss 0.8521 Accuracy 0.0796
0: Time taken for 1 epoch: 29.777722358703613 secs
0: 
0: Epoch 105 Batch 0 Loss 0.9305 Accuracy 0.0777
0: Saving checkpoint for epoch 105 at ./checkpoints/train/ckpt-21
0: Epoch 105 Loss 0.8454 Accuracy 0.0802
0: Time taken for 1 epoch: 30.11079168319702 secs
0: 
0: Epoch 106 Batch 0 Loss 0.9245 Accuracy 0.0780
0: Epoch 106 Loss 0.8388 Accuracy 0.0810
0: Time taken for 1 epoch: 29.739184856414795 secs
0: 
0: Epoch 107 Batch 0 Loss 0.9143 Accuracy 0.0799
0: Epoch 107 Loss 0.8314 Accuracy 0.0822
0: Time taken for 1 epoch: 29.719719886779785 secs
0: 
0: Epoch 108 Batch 0 Loss 0.9073 Accuracy 0.0807
0: Epoch 108 Loss 0.8261 Accuracy 0.0826
0: Time taken for 1 epoch: 29.743010997772217 secs
0: 
0: Epoch 109 Batch 0 Loss 0.8993 Accuracy 0.0808
0: Epoch 109 Loss 0.8217 Accuracy 0.0831
0: Time taken for 1 epoch: 29.761505126953125 secs
0: 
0: Epoch 110 Batch 0 Loss 0.8983 Accuracy 0.0815
0: Saving checkpoint for epoch 110 at ./checkpoints/train/ckpt-22
0: Epoch 110 Loss 0.8166 Accuracy 0.0836
0: Time taken for 1 epoch: 30.172651767730713 secs
0: 
0: Epoch 111 Batch 0 Loss 0.8893 Accuracy 0.0818
0: Epoch 111 Loss 0.8100 Accuracy 0.0843
0: Time taken for 1 epoch: 29.77661108970642 secs
0: 
0: Epoch 112 Batch 0 Loss 0.8853 Accuracy 0.0825
0: Epoch 112 Loss 0.8030 Accuracy 0.0851
0: Time taken for 1 epoch: 29.784254550933838 secs
0: 
0: Epoch 113 Batch 0 Loss 0.8768 Accuracy 0.0834
0: Epoch 113 Loss 0.7970 Accuracy 0.0858
0: Time taken for 1 epoch: 29.78242301940918 secs
0: 
0: Epoch 114 Batch 0 Loss 0.8757 Accuracy 0.0837
0: Epoch 114 Loss 0.7937 Accuracy 0.0857
0: Time taken for 1 epoch: 29.749096870422363 secs
0: 
0: Epoch 115 Batch 0 Loss 0.8676 Accuracy 0.0851
0: Saving checkpoint for epoch 115 at ./checkpoints/train/ckpt-23
0: Epoch 115 Loss 0.7852 Accuracy 0.0868
0: Time taken for 1 epoch: 30.124934911727905 secs
0: 
0: Epoch 116 Batch 0 Loss 0.8629 Accuracy 0.0842
0: Epoch 116 Loss 0.7790 Accuracy 0.0875
0: Time taken for 1 epoch: 29.808069944381714 secs
0: 
0: Epoch 117 Batch 0 Loss 0.8558 Accuracy 0.0854
0: Epoch 117 Loss 0.7710 Accuracy 0.0885
0: Time taken for 1 epoch: 29.76901364326477 secs
0: 
0: Epoch 118 Batch 0 Loss 0.8440 Accuracy 0.0874
0: Epoch 118 Loss 0.7620 Accuracy 0.0898
0: Time taken for 1 epoch: 29.775201559066772 secs
0: 
0: Epoch 119 Batch 0 Loss 0.8354 Accuracy 0.0876
0: Epoch 119 Loss 0.7536 Accuracy 0.0909
0: Time taken for 1 epoch: 29.762941598892212 secs
0: 
0: Epoch 120 Batch 0 Loss 0.8263 Accuracy 0.0897
0: Saving checkpoint for epoch 120 at ./checkpoints/train/ckpt-24
0: Epoch 120 Loss 0.7469 Accuracy 0.0918
0: Time taken for 1 epoch: 30.097469091415405 secs
0: 
0: Epoch 121 Batch 0 Loss 0.8190 Accuracy 0.0897
0: Epoch 121 Loss 0.7393 Accuracy 0.0928
0: Time taken for 1 epoch: 29.799927711486816 secs
0: 
0: Epoch 122 Batch 0 Loss 0.8161 Accuracy 0.0900
0: Epoch 122 Loss 0.7333 Accuracy 0.0934
0: Time taken for 1 epoch: 29.794879913330078 secs
0: 
0: Epoch 123 Batch 0 Loss 0.8054 Accuracy 0.0916
0: Epoch 123 Loss 0.7255 Accuracy 0.0944
0: Time taken for 1 epoch: 29.816893815994263 secs
0: 
0: Epoch 124 Batch 0 Loss 0.7995 Accuracy 0.0924
0: Epoch 124 Loss 0.7195 Accuracy 0.0953
0: Time taken for 1 epoch: 29.754616737365723 secs
0: 
0: Epoch 125 Batch 0 Loss 0.7891 Accuracy 0.0929
0: Saving checkpoint for epoch 125 at ./checkpoints/train/ckpt-25
0: Epoch 125 Loss 0.7131 Accuracy 0.0960
0: Time taken for 1 epoch: 30.14079523086548 secs
0: 
0: Epoch 126 Batch 0 Loss 0.7857 Accuracy 0.0931
0: Epoch 126 Loss 0.7075 Accuracy 0.0969
0: Time taken for 1 epoch: 29.734176635742188 secs
0: 
0: Epoch 127 Batch 0 Loss 0.7814 Accuracy 0.0949
0: Epoch 127 Loss 0.7006 Accuracy 0.0973
0: Time taken for 1 epoch: 29.727532386779785 secs
0: 
0: Epoch 128 Batch 0 Loss 0.7775 Accuracy 0.0949
0: Epoch 128 Loss 0.6948 Accuracy 0.0979
0: Time taken for 1 epoch: 29.717957973480225 secs
0: 
0: Epoch 129 Batch 0 Loss 0.7655 Accuracy 0.0955
0: Epoch 129 Loss 0.6883 Accuracy 0.0988
0: Time taken for 1 epoch: 29.766429662704468 secs
0: 
0: Epoch 130 Batch 0 Loss 0.7596 Accuracy 0.0967
0: Saving checkpoint for epoch 130 at ./checkpoints/train/ckpt-26
0: Epoch 130 Loss 0.6820 Accuracy 0.0998
0: Time taken for 1 epoch: 30.100180625915527 secs
0: 
0: Epoch 131 Batch 0 Loss 0.7564 Accuracy 0.0969
0: Epoch 131 Loss 0.6765 Accuracy 0.1003
0: Time taken for 1 epoch: 29.755438327789307 secs
0: 
0: Epoch 132 Batch 0 Loss 0.7492 Accuracy 0.0975
0: Epoch 132 Loss 0.6689 Accuracy 0.1013
0: Time taken for 1 epoch: 29.770809412002563 secs
0: 
0: Epoch 133 Batch 0 Loss 0.7362 Accuracy 0.1003
0: Epoch 133 Loss 0.6620 Accuracy 0.1025
0: Time taken for 1 epoch: 29.762198209762573 secs
0: 
0: Epoch 134 Batch 0 Loss 0.7309 Accuracy 0.1010
0: Epoch 134 Loss 0.6548 Accuracy 0.1033
0: Time taken for 1 epoch: 29.76798939704895 secs
0: 
0: Epoch 135 Batch 0 Loss 0.7247 Accuracy 0.1002
0: Saving checkpoint for epoch 135 at ./checkpoints/train/ckpt-27
0: Epoch 135 Loss 0.6494 Accuracy 0.1038
0: Time taken for 1 epoch: 30.22366762161255 secs
0: 
0: Epoch 136 Batch 0 Loss 0.7188 Accuracy 0.1010
0: Epoch 136 Loss 0.6425 Accuracy 0.1050
0: Time taken for 1 epoch: 29.76120924949646 secs
0: 
0: Epoch 137 Batch 0 Loss 0.7102 Accuracy 0.1028
0: Epoch 137 Loss 0.6365 Accuracy 0.1055
0: Time taken for 1 epoch: 29.800593614578247 secs
0: 
0: Epoch 138 Batch 0 Loss 0.7087 Accuracy 0.1032
0: Epoch 138 Loss 0.6310 Accuracy 0.1065
0: Time taken for 1 epoch: 29.738953113555908 secs
0: 
0: Epoch 139 Batch 0 Loss 0.7019 Accuracy 0.1042
0: Epoch 139 Loss 0.6273 Accuracy 0.1071
0: Time taken for 1 epoch: 29.737569332122803 secs
0: 
0: Epoch 140 Batch 0 Loss 0.6945 Accuracy 0.1038
0: Saving checkpoint for epoch 140 at ./checkpoints/train/ckpt-28
0: Epoch 140 Loss 0.6232 Accuracy 0.1074
0: Time taken for 1 epoch: 30.156970500946045 secs
0: 
0: Epoch 141 Batch 0 Loss 0.6895 Accuracy 0.1038
0: Epoch 141 Loss 0.6199 Accuracy 0.1069
0: Time taken for 1 epoch: 29.80444097518921 secs
0: 
0: Epoch 142 Batch 0 Loss 0.6986 Accuracy 0.1040
0: Epoch 142 Loss 0.6159 Accuracy 0.1082
0: Time taken for 1 epoch: 29.804916381835938 secs
0: 
0: Epoch 143 Batch 0 Loss 0.6764 Accuracy 0.1073
0: Epoch 143 Loss 0.6056 Accuracy 0.1095
0: Time taken for 1 epoch: 29.785990238189697 secs
0: 
0: Epoch 144 Batch 0 Loss 0.6722 Accuracy 0.1069
0: Epoch 144 Loss 0.5991 Accuracy 0.1103
0: Time taken for 1 epoch: 29.81989598274231 secs
0: 
0: Epoch 145 Batch 0 Loss 0.6647 Accuracy 0.1078
0: Saving checkpoint for epoch 145 at ./checkpoints/train/ckpt-29
0: Epoch 145 Loss 0.5935 Accuracy 0.1112
0: Time taken for 1 epoch: 30.197129726409912 secs
0: 
0: Epoch 146 Batch 0 Loss 0.6610 Accuracy 0.1086
0: Epoch 146 Loss 0.5888 Accuracy 0.1116
0: Time taken for 1 epoch: 29.689026832580566 secs
0: 
0: Epoch 147 Batch 0 Loss 0.6561 Accuracy 0.1099
0: Epoch 147 Loss 0.5855 Accuracy 0.1124
0: Time taken for 1 epoch: 29.748143672943115 secs
0: 
0: Epoch 148 Batch 0 Loss 0.6614 Accuracy 0.1079
0: Epoch 148 Loss 0.5844 Accuracy 0.1121
0: Time taken for 1 epoch: 29.730244398117065 secs
0: 
0: Epoch 149 Batch 0 Loss 0.6583 Accuracy 0.1076
0: Epoch 149 Loss 0.5839 Accuracy 0.1118
0: Time taken for 1 epoch: 29.69967246055603 secs
0: 
0: Epoch 150 Batch 0 Loss 0.6492 Accuracy 0.1103
0: Saving checkpoint for epoch 150 at ./checkpoints/train/ckpt-30
0: Epoch 150 Loss 0.5760 Accuracy 0.1134
0: Time taken for 1 epoch: 30.037468671798706 secs
0: 
0: Epoch 151 Batch 0 Loss 0.6400 Accuracy 0.1106
0: Epoch 151 Loss 0.5695 Accuracy 0.1146
0: Time taken for 1 epoch: 29.775171279907227 secs
0: 
0: Epoch 152 Batch 0 Loss 0.6231 Accuracy 0.1136
0: Epoch 152 Loss 0.5647 Accuracy 0.1151
0: Time taken for 1 epoch: 29.813247680664062 secs
0: 
0: Epoch 153 Batch 0 Loss 0.6323 Accuracy 0.1123
0: Epoch 153 Loss 0.5631 Accuracy 0.1151
0: Time taken for 1 epoch: 29.740903854370117 secs
0: 
0: Epoch 154 Batch 0 Loss 0.6365 Accuracy 0.1115
0: Epoch 154 Loss 0.5613 Accuracy 0.1156
0: Time taken for 1 epoch: 29.79525327682495 secs
0: 
0: Epoch 155 Batch 0 Loss 0.6421 Accuracy 0.1083
0: Saving checkpoint for epoch 155 at ./checkpoints/train/ckpt-31
0: Epoch 155 Loss 0.5575 Accuracy 0.1153
0: Time taken for 1 epoch: 30.206400632858276 secs
0: 
0: Epoch 156 Batch 0 Loss 0.6113 Accuracy 0.1142
0: Epoch 156 Loss 0.5425 Accuracy 0.1183
0: Time taken for 1 epoch: 29.78035616874695 secs
0: 
0: Epoch 157 Batch 0 Loss 0.5959 Accuracy 0.1173
0: Epoch 157 Loss 0.5304 Accuracy 0.1200
0: Time taken for 1 epoch: 29.78910732269287 secs
0: 
0: Epoch 158 Batch 0 Loss 0.5893 Accuracy 0.1185
0: Epoch 158 Loss 0.5211 Accuracy 0.1216
0: Time taken for 1 epoch: 29.767000436782837 secs
0: 
0: Epoch 159 Batch 0 Loss 0.5779 Accuracy 0.1197
0: Epoch 159 Loss 0.5147 Accuracy 0.1226
0: Time taken for 1 epoch: 29.756767749786377 secs
0: 
0: Epoch 160 Batch 0 Loss 0.5702 Accuracy 0.1208
0: Saving checkpoint for epoch 160 at ./checkpoints/train/ckpt-32
0: Epoch 160 Loss 0.5096 Accuracy 0.1236
0: Time taken for 1 epoch: 30.107908010482788 secs
0: 
0: Epoch 161 Batch 0 Loss 0.5695 Accuracy 0.1212
0: Epoch 161 Loss 0.5034 Accuracy 0.1246
0: Time taken for 1 epoch: 29.783255100250244 secs
0: 
0: Epoch 162 Batch 0 Loss 0.5631 Accuracy 0.1220
0: Epoch 162 Loss 0.4987 Accuracy 0.1251
0: Time taken for 1 epoch: 29.84151792526245 secs
0: 
0: Epoch 163 Batch 0 Loss 0.5576 Accuracy 0.1232
0: Epoch 163 Loss 0.4946 Accuracy 0.1257
0: Time taken for 1 epoch: 29.810022830963135 secs
0: 
0: Epoch 164 Batch 0 Loss 0.5539 Accuracy 0.1231
0: Epoch 164 Loss 0.4915 Accuracy 0.1257
0: Time taken for 1 epoch: 29.814289093017578 secs
0: 
0: Epoch 165 Batch 0 Loss 0.5537 Accuracy 0.1229
0: Saving checkpoint for epoch 165 at ./checkpoints/train/ckpt-33
0: Epoch 165 Loss 0.4867 Accuracy 0.1267
0: Time taken for 1 epoch: 30.13152503967285 secs
0: 
0: Epoch 166 Batch 0 Loss 0.5420 Accuracy 0.1257
0: Epoch 166 Loss 0.4815 Accuracy 0.1274
0: Time taken for 1 epoch: 29.75105905532837 secs
0: 
0: Epoch 167 Batch 0 Loss 0.5328 Accuracy 0.1258
0: Epoch 167 Loss 0.4767 Accuracy 0.1282
0: Time taken for 1 epoch: 29.71847915649414 secs
0: 
0: Epoch 168 Batch 0 Loss 0.5391 Accuracy 0.1239
0: Epoch 168 Loss 0.4738 Accuracy 0.1290
0: Time taken for 1 epoch: 29.73094916343689 secs
0: 
0: Epoch 169 Batch 0 Loss 0.5206 Accuracy 0.1275
0: Epoch 169 Loss 0.4685 Accuracy 0.1294
0: Time taken for 1 epoch: 29.763476371765137 secs
0: 
0: Epoch 170 Batch 0 Loss 0.5140 Accuracy 0.1300
0: Saving checkpoint for epoch 170 at ./checkpoints/train/ckpt-34
0: Epoch 170 Loss 0.4656 Accuracy 0.1298
0: Time taken for 1 epoch: 30.02180528640747 secs
0: 
0: Epoch 171 Batch 0 Loss 0.5314 Accuracy 0.1261
0: Epoch 171 Loss 0.4659 Accuracy 0.1294
0: Time taken for 1 epoch: 29.766319274902344 secs
0: 
0: Epoch 172 Batch 0 Loss 0.5272 Accuracy 0.1261
0: Epoch 172 Loss 0.4608 Accuracy 0.1305
0: Time taken for 1 epoch: 29.811861753463745 secs
0: 
0: Epoch 173 Batch 0 Loss 0.5071 Accuracy 0.1291
0: Epoch 173 Loss 0.4534 Accuracy 0.1314
0: Time taken for 1 epoch: 29.764707803726196 secs
0: 
0: Epoch 174 Batch 0 Loss 0.5149 Accuracy 0.1273
0: Epoch 174 Loss 0.4490 Accuracy 0.1320
0: Time taken for 1 epoch: 29.752052783966064 secs
0: 
0: Epoch 175 Batch 0 Loss 0.4980 Accuracy 0.1311
0: Saving checkpoint for epoch 175 at ./checkpoints/train/ckpt-35
0: Epoch 175 Loss 0.4448 Accuracy 0.1328
0: Time taken for 1 epoch: 30.12418532371521 secs
0: 
0: Epoch 176 Batch 0 Loss 0.4907 Accuracy 0.1318
0: Epoch 176 Loss 0.4352 Accuracy 0.1341
0: Time taken for 1 epoch: 29.762263774871826 secs
0: 
0: Epoch 177 Batch 0 Loss 0.4816 Accuracy 0.1332
0: Epoch 177 Loss 0.4281 Accuracy 0.1360
0: Time taken for 1 epoch: 29.778400897979736 secs
0: 
0: Epoch 178 Batch 0 Loss 0.4766 Accuracy 0.1333
0: Epoch 178 Loss 0.4225 Accuracy 0.1364
0: Time taken for 1 epoch: 29.75554132461548 secs
0: 
0: Epoch 179 Batch 0 Loss 0.4674 Accuracy 0.1352
0: Epoch 179 Loss 0.4173 Accuracy 0.1372
0: Time taken for 1 epoch: 29.751559257507324 secs
0: 
0: Epoch 180 Batch 0 Loss 0.4644 Accuracy 0.1366
0: Saving checkpoint for epoch 180 at ./checkpoints/train/ckpt-36
0: Epoch 180 Loss 0.4135 Accuracy 0.1379
0: Time taken for 1 epoch: 30.1164972782135 secs
0: 
0: Epoch 181 Batch 0 Loss 0.4578 Accuracy 0.1380
0: Epoch 181 Loss 0.4100 Accuracy 0.1387
0: Time taken for 1 epoch: 29.807174682617188 secs
0: 
0: Epoch 182 Batch 0 Loss 0.4631 Accuracy 0.1349
0: Epoch 182 Loss 0.4065 Accuracy 0.1390
0: Time taken for 1 epoch: 29.82523775100708 secs
0: 
0: Epoch 183 Batch 0 Loss 0.4457 Accuracy 0.1395
0: Epoch 183 Loss 0.3995 Accuracy 0.1402
0: Time taken for 1 epoch: 29.814746379852295 secs
0: 
0: Epoch 184 Batch 0 Loss 0.4459 Accuracy 0.1391
0: Epoch 184 Loss 0.3984 Accuracy 0.1405
0: Time taken for 1 epoch: 29.799121379852295 secs
0: 
0: Epoch 185 Batch 0 Loss 0.4589 Accuracy 0.1362
0: Saving checkpoint for epoch 185 at ./checkpoints/train/ckpt-37
0: Epoch 185 Loss 0.3961 Accuracy 0.1402
0: Time taken for 1 epoch: 30.712457180023193 secs
0: 
0: Epoch 186 Batch 0 Loss 0.4365 Accuracy 0.1411
0: Epoch 186 Loss 0.3894 Accuracy 0.1417
0: Time taken for 1 epoch: 29.754103183746338 secs
0: 
0: Epoch 187 Batch 0 Loss 0.4283 Accuracy 0.1426
0: Epoch 187 Loss 0.3853 Accuracy 0.1428
0: Time taken for 1 epoch: 29.75225853919983 secs
0: 
0: Epoch 188 Batch 0 Loss 0.4328 Accuracy 0.1397
0: Epoch 188 Loss 0.3851 Accuracy 0.1420
0: Time taken for 1 epoch: 29.714773416519165 secs
0: 
0: Epoch 189 Batch 0 Loss 0.4268 Accuracy 0.1419
0: Epoch 189 Loss 0.3812 Accuracy 0.1425
0: Time taken for 1 epoch: 29.72056007385254 secs
0: 
0: Epoch 190 Batch 0 Loss 0.4267 Accuracy 0.1417
0: Saving checkpoint for epoch 190 at ./checkpoints/train/ckpt-38
0: Epoch 190 Loss 0.3744 Accuracy 0.1445
0: Time taken for 1 epoch: 30.146626949310303 secs
0: 
0: Epoch 191 Batch 0 Loss 0.4199 Accuracy 0.1434
0: Epoch 191 Loss 0.3689 Accuracy 0.1452
0: Time taken for 1 epoch: 29.795172929763794 secs
0: 
0: Epoch 192 Batch 0 Loss 0.4112 Accuracy 0.1435
0: Epoch 192 Loss 0.3639 Accuracy 0.1461
0: Time taken for 1 epoch: 29.8230938911438 secs
0: 
0: Epoch 193 Batch 0 Loss 0.4035 Accuracy 0.1458
0: Epoch 193 Loss 0.3582 Accuracy 0.1472
0: Time taken for 1 epoch: 29.77154564857483 secs
0: 
0: Epoch 194 Batch 0 Loss 0.3929 Accuracy 0.1483
0: Epoch 194 Loss 0.3541 Accuracy 0.1477
0: Time taken for 1 epoch: 29.765238523483276 secs
0: 
0: Epoch 195 Batch 0 Loss 0.3901 Accuracy 0.1488
0: Saving checkpoint for epoch 195 at ./checkpoints/train/ckpt-39
0: Epoch 195 Loss 0.3564 Accuracy 0.1473
0: Time taken for 1 epoch: 30.466533660888672 secs
0: 
0: Epoch 196 Batch 0 Loss 0.4068 Accuracy 0.1447
0: Epoch 196 Loss 0.3597 Accuracy 0.1462
0: Time taken for 1 epoch: 29.753862857818604 secs
0: 
0: Epoch 197 Batch 0 Loss 0.3903 Accuracy 0.1476
0: Epoch 197 Loss 0.3560 Accuracy 0.1469
0: Time taken for 1 epoch: 29.74351191520691 secs
0: 
0: Epoch 198 Batch 0 Loss 0.3936 Accuracy 0.1472
0: Epoch 198 Loss 0.3560 Accuracy 0.1466
0: Time taken for 1 epoch: 29.842406034469604 secs
0: 
0: Epoch 199 Batch 0 Loss 0.4024 Accuracy 0.1453
0: Epoch 199 Loss 0.3539 Accuracy 0.1471
0: Time taken for 1 epoch: 29.73452877998352 secs
0: 
0: Epoch 200 Batch 0 Loss 0.3913 Accuracy 0.1490
0: Saving checkpoint for epoch 200 at ./checkpoints/train/ckpt-40
0: Epoch 200 Loss 0.3497 Accuracy 0.1475
0: Time taken for 1 epoch: 30.085418462753296 secs
0: 
0: Input: Colds are caused by viruses, which do not respond to antibiotics. Antibiotics are used to treat bacterial infections.
0: Predicted translation: "consider wart your cat treatment options"
