========= PYTHON VERSION (to establish if running through pure python or Anaconda =========== 
Python 3.6.7
Requirement already satisfied: tensorflow-gpu==2.0.0-alpha0 in /home/students/gryba002/.local/lib/python3.6/site-packages (2.0.0a0)
Requirement already satisfied: six>=1.10.0 in /home/students/gryba002/.local/lib/python3.6/site-packages (from tensorflow-gpu==2.0.0-alpha0) (1.12.0)
Requirement already satisfied: google-pasta>=0.1.2 in /home/students/gryba002/.local/lib/python3.6/site-packages (from tensorflow-gpu==2.0.0-alpha0) (0.1.7)
Requirement already satisfied: gast>=0.2.0 in /usr/local/lib/python3.6/dist-packages (from tensorflow-gpu==2.0.0-alpha0) (0.2.2)
Requirement already satisfied: numpy<2.0,>=1.14.5 in /home/students/gryba002/.local/lib/python3.6/site-packages (from tensorflow-gpu==2.0.0-alpha0) (1.16.4)
Requirement already satisfied: tb-nightly<1.14.0a20190302,>=1.14.0a20190301 in /home/students/gryba002/.local/lib/python3.6/site-packages (from tensorflow-gpu==2.0.0-alpha0) (1.14.0a20190301)
Requirement already satisfied: tf-estimator-nightly<1.14.0.dev2019030116,>=1.14.0.dev2019030115 in /home/students/gryba002/.local/lib/python3.6/site-packages (from tensorflow-gpu==2.0.0-alpha0) (1.14.0.dev2019030115)
Requirement already satisfied: protobuf>=3.6.1 in /home/students/gryba002/.local/lib/python3.6/site-packages (from tensorflow-gpu==2.0.0-alpha0) (3.8.0)
Requirement already satisfied: termcolor>=1.1.0 in /usr/local/lib/python3.6/dist-packages (from tensorflow-gpu==2.0.0-alpha0) (1.1.0)
Requirement already satisfied: grpcio>=1.8.6 in /home/students/gryba002/.local/lib/python3.6/site-packages (from tensorflow-gpu==2.0.0-alpha0) (1.21.1)
Requirement already satisfied: astor>=0.6.0 in /home/students/gryba002/.local/lib/python3.6/site-packages (from tensorflow-gpu==2.0.0-alpha0) (0.8.0)
Requirement already satisfied: wheel>=0.26 in /usr/lib/python3/dist-packages (from tensorflow-gpu==2.0.0-alpha0) (0.30.0)
Requirement already satisfied: keras-applications>=1.0.6 in /home/students/gryba002/.local/lib/python3.6/site-packages (from tensorflow-gpu==2.0.0-alpha0) (1.0.8)
Requirement already satisfied: keras-preprocessing>=1.0.5 in /home/students/gryba002/.local/lib/python3.6/site-packages (from tensorflow-gpu==2.0.0-alpha0) (1.1.0)
Requirement already satisfied: absl-py>=0.7.0 in /home/students/gryba002/.local/lib/python3.6/site-packages (from tensorflow-gpu==2.0.0-alpha0) (0.7.1)
Requirement already satisfied: werkzeug>=0.11.15 in /home/students/gryba002/.local/lib/python3.6/site-packages (from tb-nightly<1.14.0a20190302,>=1.14.0a20190301->tensorflow-gpu==2.0.0-alpha0) (0.15.4)
Requirement already satisfied: markdown>=2.6.8 in /home/students/gryba002/.local/lib/python3.6/site-packages (from tb-nightly<1.14.0a20190302,>=1.14.0a20190301->tensorflow-gpu==2.0.0-alpha0) (3.1.1)
Requirement already satisfied: setuptools in /usr/lib/python3/dist-packages (from protobuf>=3.6.1->tensorflow-gpu==2.0.0-alpha0) (39.0.1)
Requirement already satisfied: h5py in /usr/local/lib/python3.6/dist-packages (from keras-applications>=1.0.6->tensorflow-gpu==2.0.0-alpha0) (2.9.0)
You are using pip version 19.0.3, however version 19.1.1 is available.
You should consider upgrading via the 'pip install --upgrade pip' command.
=====START OF THE ACTUAL JOB ====
0: 2019-06-07 21:37:01.571984: I tensorflow/core/platform/cpu_feature_guard.cc:142] Your CPU supports instructions that this TensorFlow binary was not compiled to use: AVX2 AVX512F FMA
0: 2019-06-07 21:37:01.582715: I tensorflow/stream_executor/platform/default/dso_loader.cc:42] Successfully opened dynamic library libcuda.so.1
0: 2019-06-07 21:37:01.988312: I tensorflow/compiler/xla/service/service.cc:162] XLA service 0x517b5a0 executing computations on platform CUDA. Devices:
0: 2019-06-07 21:37:01.988350: I tensorflow/compiler/xla/service/service.cc:169]   StreamExecutor device (0): Tesla  M10, Compute Capability 5.0
0: 2019-06-07 21:37:01.988360: I tensorflow/compiler/xla/service/service.cc:169]   StreamExecutor device (1): Tesla  M10, Compute Capability 5.0
0: 2019-06-07 21:37:01.988370: I tensorflow/compiler/xla/service/service.cc:169]   StreamExecutor device (2): Tesla  M10, Compute Capability 5.0
0: 2019-06-07 21:37:01.988379: I tensorflow/compiler/xla/service/service.cc:169]   StreamExecutor device (3): Tesla  M10, Compute Capability 5.0
0: 2019-06-07 21:37:02.012510: I tensorflow/core/platform/profile_utils/cpu_utils.cc:94] CPU Frequency: 3200000000 Hz
0: 2019-06-07 21:37:02.013037: I tensorflow/compiler/xla/service/service.cc:162] XLA service 0x4fd4510 executing computations on platform Host. Devices:
0: 2019-06-07 21:37:02.013086: I tensorflow/compiler/xla/service/service.cc:169]   StreamExecutor device (0): <undefined>, <undefined>
0: 2019-06-07 21:37:02.013931: I tensorflow/core/common_runtime/gpu/gpu_device.cc:1467] Found device 0 with properties: 
0: name: Tesla  M10 major: 5 minor: 0 memoryClockRate(GHz): 1.0325
0: pciBusID: 0000:3d:00.0
0: totalMemory: 7.94GiB freeMemory: 7.90GiB
0: 2019-06-07 21:37:02.014558: I tensorflow/core/common_runtime/gpu/gpu_device.cc:1467] Found device 1 with properties: 
0: name: Tesla  M10 major: 5 minor: 0 memoryClockRate(GHz): 1.0325
0: pciBusID: 0000:3e:00.0
0: totalMemory: 7.94GiB freeMemory: 7.90GiB
0: 2019-06-07 21:37:02.015172: I tensorflow/core/common_runtime/gpu/gpu_device.cc:1467] Found device 2 with properties: 
0: name: Tesla  M10 major: 5 minor: 0 memoryClockRate(GHz): 1.0325
0: pciBusID: 0000:3f:00.0
0: totalMemory: 7.94GiB freeMemory: 7.90GiB
0: 2019-06-07 21:37:02.015784: I tensorflow/core/common_runtime/gpu/gpu_device.cc:1467] Found device 3 with properties: 
0: name: Tesla  M10 major: 5 minor: 0 memoryClockRate(GHz): 1.0325
0: pciBusID: 0000:40:00.0
0: totalMemory: 7.94GiB freeMemory: 7.90GiB
0: 2019-06-07 21:37:02.016034: I tensorflow/core/common_runtime/gpu/gpu_device.cc:1546] Adding visible gpu devices: 0, 1, 2, 3
0: 2019-06-07 21:37:02.016129: I tensorflow/stream_executor/platform/default/dso_loader.cc:42] Successfully opened dynamic library libcudart.so.10.0
0: 2019-06-07 21:37:02.030536: I tensorflow/core/common_runtime/gpu/gpu_device.cc:1015] Device interconnect StreamExecutor with strength 1 edge matrix:
0: 2019-06-07 21:37:02.030575: I tensorflow/core/common_runtime/gpu/gpu_device.cc:1021]      0 1 2 3 
0: 2019-06-07 21:37:02.030591: I tensorflow/core/common_runtime/gpu/gpu_device.cc:1034] 0:   N N N N 
0: 2019-06-07 21:37:02.030605: I tensorflow/core/common_runtime/gpu/gpu_device.cc:1034] 1:   N N N N 
0: 2019-06-07 21:37:02.030619: I tensorflow/core/common_runtime/gpu/gpu_device.cc:1034] 2:   N N N N 
0: 2019-06-07 21:37:02.030632: I tensorflow/core/common_runtime/gpu/gpu_device.cc:1034] 3:   N N N N 
0: 2019-06-07 21:37:02.032601: I tensorflow/core/common_runtime/gpu/gpu_device.cc:1149] Created TensorFlow device (/job:localhost/replica:0/task:0/device:GPU:0 with 7685 MB memory) -> physical GPU (device: 0, name: Tesla  M10, pci bus id: 0000:3d:00.0, compute capability: 5.0)
0: 2019-06-07 21:37:02.032972: I tensorflow/core/common_runtime/gpu/gpu_device.cc:1149] Created TensorFlow device (/job:localhost/replica:0/task:0/device:GPU:1 with 7685 MB memory) -> physical GPU (device: 1, name: Tesla  M10, pci bus id: 0000:3e:00.0, compute capability: 5.0)
0: 2019-06-07 21:37:02.033390: I tensorflow/core/common_runtime/gpu/gpu_device.cc:1149] Created TensorFlow device (/job:localhost/replica:0/task:0/device:GPU:2 with 7685 MB memory) -> physical GPU (device: 2, name: Tesla  M10, pci bus id: 0000:3f:00.0, compute capability: 5.0)
0: 2019-06-07 21:37:02.033804: I tensorflow/core/common_runtime/gpu/gpu_device.cc:1149] Created TensorFlow device (/job:localhost/replica:0/task:0/device:GPU:3 with 7685 MB memory) -> physical GPU (device: 3, name: Tesla  M10, pci bus id: 0000:40:00.0, compute capability: 5.0)
0: 2019-06-07 21:38:29.740180: I tensorflow/stream_executor/platform/default/dso_loader.cc:42] Successfully opened dynamic library libcublas.so.10.0
0: ------------ TENSORFLOW VERSION and Layer normalization visibility-----------------
0: 2.0.0-alpha0
0: <class 'tensorflow.python.keras.layers.normalization.LayerNormalization'>
0: ===== START OF THE DATASET SAMPLES PREPROCESSING =========== 
0: Start unpickle-ing the allPreprocessedSummaries file
0: Finished unpickle-ing the allPreprocessedSummaries file to the list, 
0:  Time taken:  0.8143199533224106
0: Start unpickle-ing the allPreprocessedTexts file
0: Finished unpickle-ing the allPreprocessedTexts file to the list, 
0:  Time taken:  4.645546454004943
0: BEGUN: preprocessing pipeline on inputs
0: FINISHED: Time taken: 47.2s 
0: -----------------
0: BEGUN: preprocessing pipeline on summaries
0: FINISHED: Time taken: 56.8s 
0: -----------------
0: Epoch 1 Batch 0 Loss 2.0994 Accuracy 0.0000
0: Epoch 1 Loss 2.0354 Accuracy 0.0000
0: Time taken for 1 epoch: 41.29438495635986 secs
0: 
0: Epoch 2 Batch 0 Loss 2.0986 Accuracy 0.0000
0: Epoch 2 Loss 2.0340 Accuracy 0.0000
0: Time taken for 1 epoch: 29.71825385093689 secs
0: 
0: Epoch 3 Batch 0 Loss 2.0962 Accuracy 0.0000
0: Epoch 3 Loss 2.0309 Accuracy 0.0000
0: Time taken for 1 epoch: 29.730382204055786 secs
0: 
0: Epoch 4 Batch 0 Loss 2.0925 Accuracy 0.0000
0: Epoch 4 Loss 2.0264 Accuracy 0.0000
0: Time taken for 1 epoch: 29.783941984176636 secs
0: 
0: Epoch 5 Batch 0 Loss 2.0871 Accuracy 0.0000
0: Saving checkpoint for epoch 5 at ./checkpoints/dist/ckpt-1
0: Epoch 5 Loss 2.0205 Accuracy 0.0000
0: Time taken for 1 epoch: 30.091898918151855 secs
0: 
0: Epoch 6 Batch 0 Loss 2.0807 Accuracy 0.0003
0: Epoch 6 Loss 2.0137 Accuracy 0.0042
0: Time taken for 1 epoch: 29.79210615158081 secs
0: 
0: Epoch 7 Batch 0 Loss 2.0738 Accuracy 0.0125
0: Epoch 7 Loss 2.0066 Accuracy 0.0223
0: Time taken for 1 epoch: 29.826958179473877 secs
0: 
0: Epoch 8 Batch 0 Loss 2.0662 Accuracy 0.0281
0: Epoch 8 Loss 1.9991 Accuracy 0.0297
0: Time taken for 1 epoch: 29.838425874710083 secs
0: 
0: Epoch 9 Batch 0 Loss 2.0586 Accuracy 0.0301
0: Epoch 9 Loss 1.9911 Accuracy 0.0303
0: Time taken for 1 epoch: 29.757395267486572 secs
0: 
0: Epoch 10 Batch 0 Loss 2.0504 Accuracy 0.0303
0: Saving checkpoint for epoch 10 at ./checkpoints/dist/ckpt-2
0: Epoch 10 Loss 1.9825 Accuracy 0.0303
0: Time taken for 1 epoch: 30.188103914260864 secs
0: 
0: Epoch 11 Batch 0 Loss 2.0418 Accuracy 0.0303
0: Epoch 11 Loss 1.9731 Accuracy 0.0303
0: Time taken for 1 epoch: 29.78209638595581 secs
0: 
0: Epoch 12 Batch 0 Loss 2.0319 Accuracy 0.0303
0: Epoch 12 Loss 1.9623 Accuracy 0.0303
0: Time taken for 1 epoch: 29.763797283172607 secs
0: 
0: Epoch 13 Batch 0 Loss 2.0201 Accuracy 0.0303
0: Epoch 13 Loss 1.9490 Accuracy 0.0303
0: Time taken for 1 epoch: 29.764811754226685 secs
0: 
0: Epoch 14 Batch 0 Loss 2.0056 Accuracy 0.0303
0: Epoch 14 Loss 1.9312 Accuracy 0.0303
0: Time taken for 1 epoch: 29.781731128692627 secs
0: 
0: Epoch 15 Batch 0 Loss 1.9851 Accuracy 0.0303
0: Saving checkpoint for epoch 15 at ./checkpoints/dist/ckpt-3
0: Epoch 15 Loss 1.9065 Accuracy 0.0303
0: Time taken for 1 epoch: 30.363717317581177 secs
0: 
0: Epoch 16 Batch 0 Loss 1.9585 Accuracy 0.0303
0: Epoch 16 Loss 1.8753 Accuracy 0.0303
0: Time taken for 1 epoch: 29.756240367889404 secs
0: 
0: Epoch 17 Batch 0 Loss 1.9263 Accuracy 0.0303
0: Epoch 17 Loss 1.8406 Accuracy 0.0303
0: Time taken for 1 epoch: 29.761586666107178 secs
0: 
0: Epoch 18 Batch 0 Loss 1.8913 Accuracy 0.0303
0: Epoch 18 Loss 1.8041 Accuracy 0.0303
0: Time taken for 1 epoch: 29.75836992263794 secs
0: 
0: Epoch 19 Batch 0 Loss 1.8556 Accuracy 0.0303
0: Epoch 19 Loss 1.7679 Accuracy 0.0303
0: Time taken for 1 epoch: 29.734626293182373 secs
0: 
0: Epoch 20 Batch 0 Loss 1.8212 Accuracy 0.0303
0: Saving checkpoint for epoch 20 at ./checkpoints/dist/ckpt-4
0: Epoch 20 Loss 1.7333 Accuracy 0.0303
0: Time taken for 1 epoch: 30.057259559631348 secs
0: 
0: Epoch 21 Batch 0 Loss 1.7888 Accuracy 0.0303
0: Epoch 21 Loss 1.7013 Accuracy 0.0303
0: Time taken for 1 epoch: 29.794369220733643 secs
0: 
0: Epoch 22 Batch 0 Loss 1.7580 Accuracy 0.0303
0: Epoch 22 Loss 1.6706 Accuracy 0.0303
0: Time taken for 1 epoch: 29.80475902557373 secs
0: 
0: Epoch 23 Batch 0 Loss 1.7276 Accuracy 0.0303
0: Epoch 23 Loss 1.6414 Accuracy 0.0303
0: Time taken for 1 epoch: 29.785868883132935 secs
0: 
0: Epoch 24 Batch 0 Loss 1.7001 Accuracy 0.0303
0: Epoch 24 Loss 1.6133 Accuracy 0.0303
0: Time taken for 1 epoch: 29.80314040184021 secs
0: 
0: Epoch 25 Batch 0 Loss 1.6722 Accuracy 0.0303
0: Saving checkpoint for epoch 25 at ./checkpoints/dist/ckpt-5
0: Epoch 25 Loss 1.5864 Accuracy 0.0303
0: Time taken for 1 epoch: 30.135170698165894 secs
0: 
0: Epoch 26 Batch 0 Loss 1.6463 Accuracy 0.0303
0: Epoch 26 Loss 1.5608 Accuracy 0.0303
0: Time taken for 1 epoch: 29.71940016746521 secs
0: 
0: Epoch 27 Batch 0 Loss 1.6210 Accuracy 0.0303
0: Epoch 27 Loss 1.5371 Accuracy 0.0303
0: Time taken for 1 epoch: 29.690067529678345 secs
0: 
0: Epoch 28 Batch 0 Loss 1.5993 Accuracy 0.0303
0: Epoch 28 Loss 1.5161 Accuracy 0.0303
0: Time taken for 1 epoch: 29.714218139648438 secs
0: 
0: Epoch 29 Batch 0 Loss 1.5798 Accuracy 0.0303
0: Epoch 29 Loss 1.4974 Accuracy 0.0303
0: Time taken for 1 epoch: 29.723652124404907 secs
0: 
0: Epoch 30 Batch 0 Loss 1.5613 Accuracy 0.0304
0: Saving checkpoint for epoch 30 at ./checkpoints/dist/ckpt-6
0: Epoch 30 Loss 1.4806 Accuracy 0.0303
0: Time taken for 1 epoch: 30.24839973449707 secs
0: 
0: Epoch 31 Batch 0 Loss 1.5468 Accuracy 0.0303
0: Epoch 31 Loss 1.4660 Accuracy 0.0303
0: Time taken for 1 epoch: 29.75759506225586 secs
0: 
0: Epoch 32 Batch 0 Loss 1.5320 Accuracy 0.0303
0: Epoch 32 Loss 1.4524 Accuracy 0.0303
0: Time taken for 1 epoch: 29.771971464157104 secs
0: 
0: Epoch 33 Batch 0 Loss 1.5195 Accuracy 0.0303
0: Epoch 33 Loss 1.4401 Accuracy 0.0304
0: Time taken for 1 epoch: 29.74797511100769 secs
0: 
0: Epoch 34 Batch 0 Loss 1.5078 Accuracy 0.0304
0: Epoch 34 Loss 1.4289 Accuracy 0.0304
0: Time taken for 1 epoch: 29.755497455596924 secs
0: 
0: Epoch 35 Batch 0 Loss 1.4965 Accuracy 0.0305
0: Saving checkpoint for epoch 35 at ./checkpoints/dist/ckpt-7
0: Epoch 35 Loss 1.4177 Accuracy 0.0306
0: Time taken for 1 epoch: 30.098119735717773 secs
0: 
0: Epoch 36 Batch 0 Loss 1.4864 Accuracy 0.0307
0: Epoch 36 Loss 1.4075 Accuracy 0.0310
0: Time taken for 1 epoch: 29.74863576889038 secs
0: 
0: Epoch 37 Batch 0 Loss 1.4756 Accuracy 0.0312
0: Epoch 37 Loss 1.3972 Accuracy 0.0314
0: Time taken for 1 epoch: 29.764649868011475 secs
0: 
0: Epoch 38 Batch 0 Loss 1.4652 Accuracy 0.0315
0: Epoch 38 Loss 1.3871 Accuracy 0.0319
0: Time taken for 1 epoch: 29.771025896072388 secs
0: 
0: Epoch 39 Batch 0 Loss 1.4553 Accuracy 0.0321
0: Epoch 39 Loss 1.3769 Accuracy 0.0329
0: Time taken for 1 epoch: 29.75541114807129 secs
0: 
0: Epoch 40 Batch 0 Loss 1.4447 Accuracy 0.0329
0: Saving checkpoint for epoch 40 at ./checkpoints/dist/ckpt-8
0: Epoch 40 Loss 1.3666 Accuracy 0.0342
0: Time taken for 1 epoch: 30.128340244293213 secs
0: 
0: Epoch 41 Batch 0 Loss 1.4349 Accuracy 0.0349
0: Epoch 41 Loss 1.3566 Accuracy 0.0358
0: Time taken for 1 epoch: 29.783632278442383 secs
0: 
0: Epoch 42 Batch 0 Loss 1.4247 Accuracy 0.0362
0: Epoch 42 Loss 1.3469 Accuracy 0.0369
0: Time taken for 1 epoch: 29.797366619110107 secs
0: 
0: Epoch 43 Batch 0 Loss 1.4151 Accuracy 0.0369
0: Epoch 43 Loss 1.3377 Accuracy 0.0377
0: Time taken for 1 epoch: 29.77916407585144 secs
0: 
0: Epoch 44 Batch 0 Loss 1.4064 Accuracy 0.0382
0: Epoch 44 Loss 1.3288 Accuracy 0.0386
0: Time taken for 1 epoch: 29.816652297973633 secs
0: 
0: Epoch 45 Batch 0 Loss 1.3972 Accuracy 0.0386
0: Saving checkpoint for epoch 45 at ./checkpoints/dist/ckpt-9
0: Epoch 45 Loss 1.3197 Accuracy 0.0391
0: Time taken for 1 epoch: 30.17391085624695 secs
0: 
0: Epoch 46 Batch 0 Loss 1.3885 Accuracy 0.0393
0: Epoch 46 Loss 1.3112 Accuracy 0.0397
0: Time taken for 1 epoch: 29.73586893081665 secs
0: 
0: Epoch 47 Batch 0 Loss 1.3796 Accuracy 0.0395
0: Epoch 47 Loss 1.3025 Accuracy 0.0400
0: Time taken for 1 epoch: 29.742573261260986 secs
0: 
0: Epoch 48 Batch 0 Loss 1.3702 Accuracy 0.0393
0: Epoch 48 Loss 1.2942 Accuracy 0.0403
0: Time taken for 1 epoch: 29.74963641166687 secs
0: 
0: Epoch 49 Batch 0 Loss 1.3616 Accuracy 0.0398
0: Epoch 49 Loss 1.2858 Accuracy 0.0404
0: Time taken for 1 epoch: 29.70654559135437 secs
0: 
0: Epoch 50 Batch 0 Loss 1.3538 Accuracy 0.0403
0: Saving checkpoint for epoch 50 at ./checkpoints/dist/ckpt-10
0: Epoch 50 Loss 1.2783 Accuracy 0.0408
0: Time taken for 1 epoch: 30.15998125076294 secs
0: 
0: Epoch 51 Batch 0 Loss 1.3458 Accuracy 0.0403
0: Epoch 51 Loss 1.2706 Accuracy 0.0409
0: Time taken for 1 epoch: 29.75757908821106 secs
0: 
0: Epoch 52 Batch 0 Loss 1.3376 Accuracy 0.0404
0: Epoch 52 Loss 1.2627 Accuracy 0.0411
0: Time taken for 1 epoch: 29.747477769851685 secs
0: 
0: Epoch 53 Batch 0 Loss 1.3304 Accuracy 0.0410
0: Epoch 53 Loss 1.2545 Accuracy 0.0417
0: Time taken for 1 epoch: 29.751087427139282 secs
0: 
0: Epoch 54 Batch 0 Loss 1.3227 Accuracy 0.0412
0: Epoch 54 Loss 1.2460 Accuracy 0.0424
0: Time taken for 1 epoch: 29.756628036499023 secs
0: 
0: Epoch 55 Batch 0 Loss 1.3145 Accuracy 0.0424
0: Saving checkpoint for epoch 55 at ./checkpoints/dist/ckpt-11
0: Epoch 55 Loss 1.2377 Accuracy 0.0432
0: Time taken for 1 epoch: 30.0827054977417 secs
0: 
0: Epoch 56 Batch 0 Loss 1.3057 Accuracy 0.0430
0: Epoch 56 Loss 1.2291 Accuracy 0.0441
0: Time taken for 1 epoch: 29.72134566307068 secs
0: 
0: Epoch 57 Batch 0 Loss 1.2963 Accuracy 0.0435
0: Epoch 57 Loss 1.2205 Accuracy 0.0448
0: Time taken for 1 epoch: 29.746824264526367 secs
0: 
0: Epoch 58 Batch 0 Loss 1.2889 Accuracy 0.0441
0: Epoch 58 Loss 1.2120 Accuracy 0.0457
0: Time taken for 1 epoch: 29.721441507339478 secs
0: 
0: Epoch 59 Batch 0 Loss 1.2804 Accuracy 0.0448
0: Epoch 59 Loss 1.2036 Accuracy 0.0466
0: Time taken for 1 epoch: 29.71578335762024 secs
0: 
0: Epoch 60 Batch 0 Loss 1.2717 Accuracy 0.0460
0: Saving checkpoint for epoch 60 at ./checkpoints/dist/ckpt-12
0: Epoch 60 Loss 1.1951 Accuracy 0.0473
0: Time taken for 1 epoch: 30.07524609565735 secs
0: 
0: Epoch 61 Batch 0 Loss 1.2648 Accuracy 0.0463
0: Epoch 61 Loss 1.1873 Accuracy 0.0477
0: Time taken for 1 epoch: 29.758135080337524 secs
0: 
0: Epoch 62 Batch 0 Loss 1.2571 Accuracy 0.0474
0: Epoch 62 Loss 1.1793 Accuracy 0.0486
0: Time taken for 1 epoch: 29.80174231529236 secs
0: 
0: Epoch 63 Batch 0 Loss 1.2489 Accuracy 0.0476
0: Epoch 63 Loss 1.1710 Accuracy 0.0493
0: Time taken for 1 epoch: 29.76589560508728 secs
0: 
0: Epoch 64 Batch 0 Loss 1.2401 Accuracy 0.0478
0: Epoch 64 Loss 1.1629 Accuracy 0.0499
0: Time taken for 1 epoch: 29.78235626220703 secs
0: 
0: Epoch 65 Batch 0 Loss 1.2313 Accuracy 0.0488
0: Saving checkpoint for epoch 65 at ./checkpoints/dist/ckpt-13
0: Epoch 65 Loss 1.1543 Accuracy 0.0506
0: Time taken for 1 epoch: 30.178612232208252 secs
0: 
0: Epoch 66 Batch 0 Loss 1.2244 Accuracy 0.0498
0: Epoch 66 Loss 1.1468 Accuracy 0.0511
0: Time taken for 1 epoch: 29.70178985595703 secs
0: 
0: Epoch 67 Batch 0 Loss 1.2165 Accuracy 0.0508
0: Epoch 67 Loss 1.1385 Accuracy 0.0518
0: Time taken for 1 epoch: 29.75653648376465 secs
0: 
0: Epoch 68 Batch 0 Loss 1.2086 Accuracy 0.0513
0: Epoch 68 Loss 1.1304 Accuracy 0.0525
0: Time taken for 1 epoch: 29.73986554145813 secs
0: 
0: Epoch 69 Batch 0 Loss 1.2004 Accuracy 0.0521
0: Epoch 69 Loss 1.1222 Accuracy 0.0532
0: Time taken for 1 epoch: 29.727848768234253 secs
0: 
0: Epoch 70 Batch 0 Loss 1.1924 Accuracy 0.0525
0: Saving checkpoint for epoch 70 at ./checkpoints/dist/ckpt-14
0: Epoch 70 Loss 1.1140 Accuracy 0.0541
0: Time taken for 1 epoch: 30.0416898727417 secs
0: 
0: Epoch 71 Batch 0 Loss 1.1844 Accuracy 0.0536
0: Epoch 71 Loss 1.1053 Accuracy 0.0548
0: Time taken for 1 epoch: 29.758936882019043 secs
0: 
0: Epoch 72 Batch 0 Loss 1.1765 Accuracy 0.0540
0: Epoch 72 Loss 1.0972 Accuracy 0.0557
0: Time taken for 1 epoch: 29.778167963027954 secs
0: 
0: Epoch 73 Batch 0 Loss 1.1683 Accuracy 0.0546
0: Epoch 73 Loss 1.0890 Accuracy 0.0565
0: Time taken for 1 epoch: 29.79292631149292 secs
0: 
0: Epoch 74 Batch 0 Loss 1.1604 Accuracy 0.0557
0: Epoch 74 Loss 1.0802 Accuracy 0.0575
0: Time taken for 1 epoch: 29.76485824584961 secs
0: 
0: Epoch 75 Batch 0 Loss 1.1526 Accuracy 0.0564
0: Saving checkpoint for epoch 75 at ./checkpoints/dist/ckpt-15
0: Epoch 75 Loss 1.0721 Accuracy 0.0581
0: Time taken for 1 epoch: 30.123049020767212 secs
0: 
0: Epoch 76 Batch 0 Loss 1.1441 Accuracy 0.0569
0: Epoch 76 Loss 1.0636 Accuracy 0.0588
0: Time taken for 1 epoch: 29.74081015586853 secs
0: 
0: Epoch 77 Batch 0 Loss 1.1353 Accuracy 0.0577
0: Epoch 77 Loss 1.0551 Accuracy 0.0597
0: Time taken for 1 epoch: 29.72701382637024 secs
0: 
0: Epoch 78 Batch 0 Loss 1.1283 Accuracy 0.0586
0: Epoch 78 Loss 1.0470 Accuracy 0.0606
0: Time taken for 1 epoch: 29.74881386756897 secs
0: 
0: Epoch 79 Batch 0 Loss 1.1185 Accuracy 0.0593
0: Epoch 79 Loss 1.0384 Accuracy 0.0614
0: Time taken for 1 epoch: 29.78186345100403 secs
0: 
0: Epoch 80 Batch 0 Loss 1.1116 Accuracy 0.0605
0: Saving checkpoint for epoch 80 at ./checkpoints/dist/ckpt-16
0: Epoch 80 Loss 1.0311 Accuracy 0.0621
0: Time taken for 1 epoch: 30.120165824890137 secs
0: 
0: Epoch 81 Batch 0 Loss 1.1022 Accuracy 0.0608
0: Epoch 81 Loss 1.0227 Accuracy 0.0630
0: Time taken for 1 epoch: 29.80840826034546 secs
0: 
0: Epoch 82 Batch 0 Loss 1.0947 Accuracy 0.0611
0: Epoch 82 Loss 1.0150 Accuracy 0.0636
0: Time taken for 1 epoch: 29.80076241493225 secs
0: 
0: Epoch 83 Batch 0 Loss 1.0879 Accuracy 0.0631
0: Epoch 83 Loss 1.0068 Accuracy 0.0645
0: Time taken for 1 epoch: 29.764114379882812 secs
0: 
0: Epoch 84 Batch 0 Loss 1.0800 Accuracy 0.0634
0: Epoch 84 Loss 0.9979 Accuracy 0.0652
0: Time taken for 1 epoch: 29.79547667503357 secs
0: 
0: Epoch 85 Batch 0 Loss 1.0718 Accuracy 0.0637
0: Saving checkpoint for epoch 85 at ./checkpoints/dist/ckpt-17
0: Epoch 85 Loss 0.9901 Accuracy 0.0661
0: Time taken for 1 epoch: 30.150928497314453 secs
0: 
0: Epoch 86 Batch 0 Loss 1.0627 Accuracy 0.0654
0: Epoch 86 Loss 0.9816 Accuracy 0.0669
0: Time taken for 1 epoch: 29.775521516799927 secs
0: 
0: Epoch 87 Batch 0 Loss 1.0553 Accuracy 0.0656
0: Epoch 87 Loss 0.9731 Accuracy 0.0677
0: Time taken for 1 epoch: 29.696363925933838 secs
0: 
0: Epoch 88 Batch 0 Loss 1.0461 Accuracy 0.0669
0: Epoch 88 Loss 0.9655 Accuracy 0.0684
0: Time taken for 1 epoch: 29.742536067962646 secs
0: 
0: Epoch 89 Batch 0 Loss 1.0393 Accuracy 0.0675
0: Epoch 89 Loss 0.9572 Accuracy 0.0697
0: Time taken for 1 epoch: 29.7182719707489 secs
0: 
0: Epoch 90 Batch 0 Loss 1.0314 Accuracy 0.0674
0: Saving checkpoint for epoch 90 at ./checkpoints/dist/ckpt-18
0: Epoch 90 Loss 0.9496 Accuracy 0.0702
0: Time taken for 1 epoch: 30.162962913513184 secs
0: 
0: Epoch 91 Batch 0 Loss 1.0236 Accuracy 0.0691
0: Epoch 91 Loss 0.9411 Accuracy 0.0713
0: Time taken for 1 epoch: 29.74753451347351 secs
0: 
0: Epoch 92 Batch 0 Loss 1.0145 Accuracy 0.0698
0: Epoch 92 Loss 0.9323 Accuracy 0.0721
0: Time taken for 1 epoch: 29.731523275375366 secs
0: 
0: Epoch 93 Batch 0 Loss 1.0060 Accuracy 0.0708
0: Epoch 93 Loss 0.9243 Accuracy 0.0726
0: Time taken for 1 epoch: 29.77367067337036 secs
0: 
0: Epoch 94 Batch 0 Loss 0.9995 Accuracy 0.0715
0: Epoch 94 Loss 0.9162 Accuracy 0.0737
0: Time taken for 1 epoch: 29.787198781967163 secs
0: 
0: Epoch 95 Batch 0 Loss 0.9937 Accuracy 0.0723
0: Saving checkpoint for epoch 95 at ./checkpoints/dist/ckpt-19
0: Epoch 95 Loss 0.9086 Accuracy 0.0745
0: Time taken for 1 epoch: 30.081426858901978 secs
0: 
0: Epoch 96 Batch 0 Loss 0.9855 Accuracy 0.0740
0: Epoch 96 Loss 0.9013 Accuracy 0.0753
0: Time taken for 1 epoch: 29.737935066223145 secs
0: 
0: Epoch 97 Batch 0 Loss 0.9780 Accuracy 0.0742
0: Epoch 97 Loss 0.8930 Accuracy 0.0763
0: Time taken for 1 epoch: 29.732900381088257 secs
0: 
0: Epoch 98 Batch 0 Loss 0.9686 Accuracy 0.0750
0: Epoch 98 Loss 0.8853 Accuracy 0.0769
0: Time taken for 1 epoch: 29.77808117866516 secs
0: 
0: Epoch 99 Batch 0 Loss 0.9614 Accuracy 0.0754
0: Epoch 99 Loss 0.8776 Accuracy 0.0779
0: Time taken for 1 epoch: 29.735483646392822 secs
0: 
0: Epoch 100 Batch 0 Loss 0.9536 Accuracy 0.0758
0: Saving checkpoint for epoch 100 at ./checkpoints/dist/ckpt-20
0: Epoch 100 Loss 0.8698 Accuracy 0.0788
0: Time taken for 1 epoch: 30.07967209815979 secs
0: 
0: Epoch 101 Batch 0 Loss 0.9448 Accuracy 0.0777
0: Epoch 101 Loss 0.8617 Accuracy 0.0793
0: Time taken for 1 epoch: 29.786805391311646 secs
0: 
0: Epoch 102 Batch 0 Loss 0.9389 Accuracy 0.0772
0: Epoch 102 Loss 0.8535 Accuracy 0.0802
0: Time taken for 1 epoch: 29.83296251296997 secs
0: 
0: Epoch 103 Batch 0 Loss 0.9312 Accuracy 0.0786
0: Epoch 103 Loss 0.8456 Accuracy 0.0813
0: Time taken for 1 epoch: 29.777760982513428 secs
0: 
0: Epoch 104 Batch 0 Loss 0.9224 Accuracy 0.0790
0: Epoch 104 Loss 0.8374 Accuracy 0.0817
0: Time taken for 1 epoch: 29.768598556518555 secs
0: 
0: Epoch 105 Batch 0 Loss 0.9136 Accuracy 0.0806
0: Saving checkpoint for epoch 105 at ./checkpoints/dist/ckpt-21
0: Epoch 105 Loss 0.8294 Accuracy 0.0831
0: Time taken for 1 epoch: 30.163352251052856 secs
0: 
0: Epoch 106 Batch 0 Loss 0.9058 Accuracy 0.0815
0: Epoch 106 Loss 0.8222 Accuracy 0.0835
0: Time taken for 1 epoch: 29.710653066635132 secs
0: 
0: Epoch 107 Batch 0 Loss 0.8987 Accuracy 0.0818
0: Epoch 107 Loss 0.8153 Accuracy 0.0842
0: Time taken for 1 epoch: 29.72162961959839 secs
0: 
0: Epoch 108 Batch 0 Loss 0.8901 Accuracy 0.0834
0: Epoch 108 Loss 0.8072 Accuracy 0.0851
0: Time taken for 1 epoch: 29.739152908325195 secs
0: 
0: Epoch 109 Batch 0 Loss 0.8852 Accuracy 0.0833
0: Epoch 109 Loss 0.8002 Accuracy 0.0861
0: Time taken for 1 epoch: 29.73920512199402 secs
0: 
0: Epoch 110 Batch 0 Loss 0.8753 Accuracy 0.0836
0: Saving checkpoint for epoch 110 at ./checkpoints/dist/ckpt-22
0: Epoch 110 Loss 0.7932 Accuracy 0.0868
0: Time taken for 1 epoch: 30.06114387512207 secs
0: 
0: Epoch 111 Batch 0 Loss 0.8674 Accuracy 0.0847
0: Epoch 111 Loss 0.7867 Accuracy 0.0872
0: Time taken for 1 epoch: 29.766496181488037 secs
0: 
0: Epoch 112 Batch 0 Loss 0.8623 Accuracy 0.0859
0: Epoch 112 Loss 0.7813 Accuracy 0.0880
0: Time taken for 1 epoch: 29.772968769073486 secs
0: 
0: Epoch 113 Batch 0 Loss 0.8579 Accuracy 0.0851
0: Epoch 113 Loss 0.7735 Accuracy 0.0886
0: Time taken for 1 epoch: 29.74548053741455 secs
0: 
0: Epoch 114 Batch 0 Loss 0.8518 Accuracy 0.0867
0: Epoch 114 Loss 0.7670 Accuracy 0.0894
0: Time taken for 1 epoch: 29.760571002960205 secs
0: 
0: Epoch 115 Batch 0 Loss 0.8442 Accuracy 0.0880
0: Saving checkpoint for epoch 115 at ./checkpoints/dist/ckpt-23
0: Epoch 115 Loss 0.7601 Accuracy 0.0904
0: Time taken for 1 epoch: 30.13014030456543 secs
0: 
0: Epoch 116 Batch 0 Loss 0.8372 Accuracy 0.0871
0: Epoch 116 Loss 0.7533 Accuracy 0.0911
0: Time taken for 1 epoch: 29.76102614402771 secs
0: 
0: Epoch 117 Batch 0 Loss 0.8280 Accuracy 0.0886
0: Epoch 117 Loss 0.7458 Accuracy 0.0921
0: Time taken for 1 epoch: 29.74246621131897 secs
0: 
0: Epoch 118 Batch 0 Loss 0.8201 Accuracy 0.0901
0: Epoch 118 Loss 0.7378 Accuracy 0.0931
0: Time taken for 1 epoch: 29.718421459197998 secs
0: 
0: Epoch 119 Batch 0 Loss 0.8128 Accuracy 0.0919
0: Epoch 119 Loss 0.7310 Accuracy 0.0940
0: Time taken for 1 epoch: 29.754944801330566 secs
0: 
0: Epoch 120 Batch 0 Loss 0.8058 Accuracy 0.0917
0: Saving checkpoint for epoch 120 at ./checkpoints/dist/ckpt-24
0: Epoch 120 Loss 0.7244 Accuracy 0.0947
0: Time taken for 1 epoch: 30.07059597969055 secs
0: 
0: Epoch 121 Batch 0 Loss 0.8015 Accuracy 0.0925
0: Epoch 121 Loss 0.7193 Accuracy 0.0952
0: Time taken for 1 epoch: 29.80133366584778 secs
0: 
0: Epoch 122 Batch 0 Loss 0.7940 Accuracy 0.0935
0: Epoch 122 Loss 0.7156 Accuracy 0.0958
0: Time taken for 1 epoch: 29.81032419204712 secs
0: 
0: Epoch 123 Batch 0 Loss 0.7942 Accuracy 0.0930
0: Epoch 123 Loss 0.7122 Accuracy 0.0962
0: Time taken for 1 epoch: 29.770785093307495 secs
0: 
0: Epoch 124 Batch 0 Loss 0.7880 Accuracy 0.0942
0: Epoch 124 Loss 0.7078 Accuracy 0.0968
0: Time taken for 1 epoch: 29.805331230163574 secs
0: 
0: Epoch 125 Batch 0 Loss 0.7826 Accuracy 0.0946
0: Saving checkpoint for epoch 125 at ./checkpoints/dist/ckpt-25
0: Epoch 125 Loss 0.7011 Accuracy 0.0973
0: Time taken for 1 epoch: 30.172497034072876 secs
0: 
0: Epoch 126 Batch 0 Loss 0.7758 Accuracy 0.0945
0: Epoch 126 Loss 0.6965 Accuracy 0.0980
0: Time taken for 1 epoch: 29.716174840927124 secs
0: 
0: Epoch 127 Batch 0 Loss 0.7759 Accuracy 0.0957
0: Epoch 127 Loss 0.6934 Accuracy 0.0981
0: Time taken for 1 epoch: 29.715993881225586 secs
0: 
0: Epoch 128 Batch 0 Loss 0.7651 Accuracy 0.0970
0: Epoch 128 Loss 0.6853 Accuracy 0.0996
0: Time taken for 1 epoch: 29.748560667037964 secs
0: 
0: Epoch 129 Batch 0 Loss 0.7588 Accuracy 0.0972
0: Epoch 129 Loss 0.6802 Accuracy 0.1001
0: Time taken for 1 epoch: 29.732910871505737 secs
0: 
0: Epoch 130 Batch 0 Loss 0.7555 Accuracy 0.0964
0: Saving checkpoint for epoch 130 at ./checkpoints/dist/ckpt-26
0: Epoch 130 Loss 0.6735 Accuracy 0.1010
0: Time taken for 1 epoch: 30.138397216796875 secs
0: 
0: Epoch 131 Batch 0 Loss 0.7406 Accuracy 0.0991
0: Epoch 131 Loss 0.6679 Accuracy 0.1017
0: Time taken for 1 epoch: 29.728838205337524 secs
0: 
0: Epoch 132 Batch 0 Loss 0.7400 Accuracy 0.0995
0: Epoch 132 Loss 0.6631 Accuracy 0.1023
0: Time taken for 1 epoch: 29.730980157852173 secs
0: 
0: Epoch 133 Batch 0 Loss 0.7409 Accuracy 0.0995
0: Epoch 133 Loss 0.6580 Accuracy 0.1027
0: Time taken for 1 epoch: 29.783422231674194 secs
0: 
0: Epoch 134 Batch 0 Loss 0.7260 Accuracy 0.1008
0: Epoch 134 Loss 0.6508 Accuracy 0.1037
0: Time taken for 1 epoch: 29.760393857955933 secs
0: 
0: Epoch 135 Batch 0 Loss 0.7203 Accuracy 0.1008
0: Saving checkpoint for epoch 135 at ./checkpoints/dist/ckpt-27
0: Epoch 135 Loss 0.6451 Accuracy 0.1042
0: Time taken for 1 epoch: 30.085883855819702 secs
0: 
0: Epoch 136 Batch 0 Loss 0.7237 Accuracy 0.1002
0: Epoch 136 Loss 0.6390 Accuracy 0.1053
0: Time taken for 1 epoch: 29.71892023086548 secs
0: 
0: Epoch 137 Batch 0 Loss 0.7068 Accuracy 0.1032
0: Epoch 137 Loss 0.6319 Accuracy 0.1061
0: Time taken for 1 epoch: 29.730960369110107 secs
0: 
0: Epoch 138 Batch 0 Loss 0.7007 Accuracy 0.1044
0: Epoch 138 Loss 0.6240 Accuracy 0.1076
0: Time taken for 1 epoch: 29.77022933959961 secs
0: 
0: Epoch 139 Batch 0 Loss 0.6950 Accuracy 0.1044
0: Epoch 139 Loss 0.6174 Accuracy 0.1082
0: Time taken for 1 epoch: 29.76747751235962 secs
0: 
0: Epoch 140 Batch 0 Loss 0.6965 Accuracy 0.1047
0: Saving checkpoint for epoch 140 at ./checkpoints/dist/ckpt-28
0: Epoch 140 Loss 0.6155 Accuracy 0.1085
0: Time taken for 1 epoch: 30.134111881256104 secs
0: 
0: Epoch 141 Batch 0 Loss 0.6856 Accuracy 0.1057
0: Epoch 141 Loss 0.6131 Accuracy 0.1087
0: Time taken for 1 epoch: 29.762455701828003 secs
0: 
0: Epoch 142 Batch 0 Loss 0.6833 Accuracy 0.1061
0: Epoch 142 Loss 0.6097 Accuracy 0.1093
0: Time taken for 1 epoch: 29.82112741470337 secs
0: 
0: Epoch 143 Batch 0 Loss 0.6797 Accuracy 0.1057
0: Epoch 143 Loss 0.6023 Accuracy 0.1103
0: Time taken for 1 epoch: 29.768681526184082 secs
0: 
0: Epoch 144 Batch 0 Loss 0.6748 Accuracy 0.1060
0: Epoch 144 Loss 0.5914 Accuracy 0.1119
0: Time taken for 1 epoch: 29.78418731689453 secs
0: 
0: Epoch 145 Batch 0 Loss 0.6591 Accuracy 0.1087
0: Saving checkpoint for epoch 145 at ./checkpoints/dist/ckpt-29
0: Epoch 145 Loss 0.5810 Accuracy 0.1134
0: Time taken for 1 epoch: 30.212812185287476 secs
0: 
0: Epoch 146 Batch 0 Loss 0.6405 Accuracy 0.1115
0: Epoch 146 Loss 0.5693 Accuracy 0.1154
0: Time taken for 1 epoch: 29.69446897506714 secs
0: 
0: Epoch 147 Batch 0 Loss 0.6321 Accuracy 0.1124
0: Epoch 147 Loss 0.5614 Accuracy 0.1163
0: Time taken for 1 epoch: 29.730701446533203 secs
0: 
0: Epoch 148 Batch 0 Loss 0.6252 Accuracy 0.1138
0: Epoch 148 Loss 0.5552 Accuracy 0.1173
0: Time taken for 1 epoch: 29.717894792556763 secs
0: 
0: Epoch 149 Batch 0 Loss 0.6225 Accuracy 0.1142
0: Epoch 149 Loss 0.5512 Accuracy 0.1182
0: Time taken for 1 epoch: 29.743881702423096 secs
0: 
0: Epoch 150 Batch 0 Loss 0.6178 Accuracy 0.1144
0: Saving checkpoint for epoch 150 at ./checkpoints/dist/ckpt-30
0: Epoch 150 Loss 0.5464 Accuracy 0.1187
0: Time taken for 1 epoch: 30.056808710098267 secs
0: 
0: Epoch 151 Batch 0 Loss 0.6130 Accuracy 0.1149
0: Epoch 151 Loss 0.5424 Accuracy 0.1195
0: Time taken for 1 epoch: 29.727017402648926 secs
0: 
0: Epoch 152 Batch 0 Loss 0.6029 Accuracy 0.1162
0: Epoch 152 Loss 0.5375 Accuracy 0.1194
0: Time taken for 1 epoch: 29.755823612213135 secs
0: 
0: Epoch 153 Batch 0 Loss 0.6007 Accuracy 0.1168
0: Epoch 153 Loss 0.5304 Accuracy 0.1207
0: Time taken for 1 epoch: 29.77945876121521 secs
0: 
0: Epoch 154 Batch 0 Loss 0.5887 Accuracy 0.1194
0: Epoch 154 Loss 0.5228 Accuracy 0.1221
0: Time taken for 1 epoch: 29.717685222625732 secs
0: 
0: Epoch 155 Batch 0 Loss 0.5856 Accuracy 0.1187
0: Saving checkpoint for epoch 155 at ./checkpoints/dist/ckpt-31
0: Epoch 155 Loss 0.5170 Accuracy 0.1226
0: Time taken for 1 epoch: 30.10043954849243 secs
0: 
0: Epoch 156 Batch 0 Loss 0.5776 Accuracy 0.1205
0: Epoch 156 Loss 0.5102 Accuracy 0.1238
0: Time taken for 1 epoch: 29.757867574691772 secs
0: 
0: Epoch 157 Batch 0 Loss 0.5700 Accuracy 0.1228
0: Epoch 157 Loss 0.5044 Accuracy 0.1245
0: Time taken for 1 epoch: 29.770859479904175 secs
0: 
0: Epoch 158 Batch 0 Loss 0.5603 Accuracy 0.1235
0: Epoch 158 Loss 0.4985 Accuracy 0.1261
0: Time taken for 1 epoch: 29.765896558761597 secs
0: 
0: Epoch 159 Batch 0 Loss 0.5552 Accuracy 0.1237
0: Epoch 159 Loss 0.4934 Accuracy 0.1267
0: Time taken for 1 epoch: 29.748796224594116 secs
0: 
0: Epoch 160 Batch 0 Loss 0.5518 Accuracy 0.1247
0: Saving checkpoint for epoch 160 at ./checkpoints/dist/ckpt-32
0: Epoch 160 Loss 0.4878 Accuracy 0.1275
0: Time taken for 1 epoch: 30.101288318634033 secs
0: 
0: Epoch 161 Batch 0 Loss 0.5409 Accuracy 0.1263
0: Epoch 161 Loss 0.4826 Accuracy 0.1281
0: Time taken for 1 epoch: 29.783161401748657 secs
0: 
0: Epoch 162 Batch 0 Loss 0.5383 Accuracy 0.1257
0: Epoch 162 Loss 0.4791 Accuracy 0.1285
0: Time taken for 1 epoch: 29.77689027786255 secs
0: 
0: Epoch 163 Batch 0 Loss 0.5335 Accuracy 0.1271
0: Epoch 163 Loss 0.4762 Accuracy 0.1285
0: Time taken for 1 epoch: 29.813703536987305 secs
0: 
0: Epoch 164 Batch 0 Loss 0.5306 Accuracy 0.1268
0: Epoch 164 Loss 0.4730 Accuracy 0.1287
0: Time taken for 1 epoch: 29.738635778427124 secs
0: 
0: Epoch 165 Batch 0 Loss 0.5357 Accuracy 0.1258
0: Saving checkpoint for epoch 165 at ./checkpoints/dist/ckpt-33
0: Epoch 165 Loss 0.4722 Accuracy 0.1289
0: Time taken for 1 epoch: 30.165470123291016 secs
0: 
0: Epoch 166 Batch 0 Loss 0.5379 Accuracy 0.1259
0: Epoch 166 Loss 0.4723 Accuracy 0.1285
0: Time taken for 1 epoch: 29.758380889892578 secs
0: 
0: Epoch 167 Batch 0 Loss 0.5262 Accuracy 0.1279
0: Epoch 167 Loss 0.4685 Accuracy 0.1296
0: Time taken for 1 epoch: 29.6866512298584 secs
0: 
0: Epoch 168 Batch 0 Loss 0.5230 Accuracy 0.1262
0: Epoch 168 Loss 0.4587 Accuracy 0.1311
0: Time taken for 1 epoch: 29.677462577819824 secs
0: 
0: Epoch 169 Batch 0 Loss 0.5095 Accuracy 0.1313
0: Epoch 169 Loss 0.4483 Accuracy 0.1331
0: Time taken for 1 epoch: 29.806879997253418 secs
0: 
0: Epoch 170 Batch 0 Loss 0.5001 Accuracy 0.1314
0: Saving checkpoint for epoch 170 at ./checkpoints/dist/ckpt-34
0: Epoch 170 Loss 0.4401 Accuracy 0.1345
0: Time taken for 1 epoch: 30.135390043258667 secs
0: 
0: Epoch 171 Batch 0 Loss 0.4873 Accuracy 0.1338
0: Epoch 171 Loss 0.4338 Accuracy 0.1353
0: Time taken for 1 epoch: 29.729386806488037 secs
0: 
0: Epoch 172 Batch 0 Loss 0.4835 Accuracy 0.1342
0: Epoch 172 Loss 0.4299 Accuracy 0.1360
0: Time taken for 1 epoch: 29.750110626220703 secs
0: 
0: Epoch 173 Batch 0 Loss 0.4787 Accuracy 0.1353
0: Epoch 173 Loss 0.4246 Accuracy 0.1372
0: Time taken for 1 epoch: 29.76956343650818 secs
0: 
0: Epoch 174 Batch 0 Loss 0.4812 Accuracy 0.1341
0: Epoch 174 Loss 0.4208 Accuracy 0.1375
0: Time taken for 1 epoch: 29.73630928993225 secs
0: 
0: Epoch 175 Batch 0 Loss 0.4655 Accuracy 0.1379
0: Saving checkpoint for epoch 175 at ./checkpoints/dist/ckpt-35
0: Epoch 175 Loss 0.4112 Accuracy 0.1394
0: Time taken for 1 epoch: 30.145286083221436 secs
0: 
0: Epoch 176 Batch 0 Loss 0.4597 Accuracy 0.1387
0: Epoch 176 Loss 0.4060 Accuracy 0.1406
0: Time taken for 1 epoch: 29.792719841003418 secs
0: 
0: Epoch 177 Batch 0 Loss 0.4491 Accuracy 0.1400
0: Epoch 177 Loss 0.4009 Accuracy 0.1408
0: Time taken for 1 epoch: 29.762252807617188 secs
0: 
0: Epoch 178 Batch 0 Loss 0.4498 Accuracy 0.1400
0: Epoch 178 Loss 0.3954 Accuracy 0.1418
0: Time taken for 1 epoch: 29.78365182876587 secs
0: 
0: Epoch 179 Batch 0 Loss 0.4373 Accuracy 0.1418
0: Epoch 179 Loss 0.3886 Accuracy 0.1432
0: Time taken for 1 epoch: 29.778390645980835 secs
0: 
0: Epoch 180 Batch 0 Loss 0.4319 Accuracy 0.1426
0: Saving checkpoint for epoch 180 at ./checkpoints/dist/ckpt-36
0: Epoch 180 Loss 0.3844 Accuracy 0.1437
0: Time taken for 1 epoch: 30.109954595565796 secs
0: 
0: Epoch 181 Batch 0 Loss 0.4294 Accuracy 0.1432
0: Epoch 181 Loss 0.3839 Accuracy 0.1434
0: Time taken for 1 epoch: 29.731738805770874 secs
0: 
0: Epoch 182 Batch 0 Loss 0.4236 Accuracy 0.1449
0: Epoch 182 Loss 0.3829 Accuracy 0.1434
0: Time taken for 1 epoch: 29.751911640167236 secs
0: 
0: Epoch 183 Batch 0 Loss 0.4380 Accuracy 0.1418
0: Epoch 183 Loss 0.3818 Accuracy 0.1432
0: Time taken for 1 epoch: 29.736158847808838 secs
0: 
0: Epoch 184 Batch 0 Loss 0.4218 Accuracy 0.1435
0: Epoch 184 Loss 0.3747 Accuracy 0.1451
0: Time taken for 1 epoch: 29.70864725112915 secs
0: 
0: Epoch 185 Batch 0 Loss 0.4154 Accuracy 0.1444
0: Saving checkpoint for epoch 185 at ./checkpoints/dist/ckpt-37
0: Epoch 185 Loss 0.3678 Accuracy 0.1461
0: Time taken for 1 epoch: 30.609696626663208 secs
0: 
0: Epoch 186 Batch 0 Loss 0.4117 Accuracy 0.1460
0: Epoch 186 Loss 0.3640 Accuracy 0.1467
0: Time taken for 1 epoch: 29.744986057281494 secs
0: 
0: Epoch 187 Batch 0 Loss 0.4109 Accuracy 0.1445
0: Epoch 187 Loss 0.3624 Accuracy 0.1465
0: Time taken for 1 epoch: 29.74789309501648 secs
0: 
0: Epoch 188 Batch 0 Loss 0.4119 Accuracy 0.1461
0: Epoch 188 Loss 0.3583 Accuracy 0.1475
0: Time taken for 1 epoch: 29.785011291503906 secs
0: 
0: Epoch 189 Batch 0 Loss 0.3925 Accuracy 0.1499
0: Epoch 189 Loss 0.3512 Accuracy 0.1489
0: Time taken for 1 epoch: 29.804636240005493 secs
0: 
0: Epoch 190 Batch 0 Loss 0.3924 Accuracy 0.1494
0: Saving checkpoint for epoch 190 at ./checkpoints/dist/ckpt-38
0: Epoch 190 Loss 0.3469 Accuracy 0.1494
0: Time taken for 1 epoch: 30.088244438171387 secs
0: 
0: Epoch 191 Batch 0 Loss 0.3878 Accuracy 0.1497
0: Epoch 191 Loss 0.3467 Accuracy 0.1496
0: Time taken for 1 epoch: 29.692034482955933 secs
0: 
0: Epoch 192 Batch 0 Loss 0.3888 Accuracy 0.1489
0: Epoch 192 Loss 0.3471 Accuracy 0.1493
0: Time taken for 1 epoch: 29.73582887649536 secs
0: 
0: Epoch 193 Batch 0 Loss 0.3885 Accuracy 0.1488
0: Epoch 193 Loss 0.3441 Accuracy 0.1494
0: Time taken for 1 epoch: 29.804948806762695 secs
0: 
0: Epoch 194 Batch 0 Loss 0.3829 Accuracy 0.1498
0: Epoch 194 Loss 0.3397 Accuracy 0.1500
0: Time taken for 1 epoch: 29.744545936584473 secs
0: 
0: Epoch 195 Batch 0 Loss 0.3808 Accuracy 0.1491
0: Saving checkpoint for epoch 195 at ./checkpoints/dist/ckpt-39
0: Epoch 195 Loss 0.3363 Accuracy 0.1510
0: Time taken for 1 epoch: 30.082708835601807 secs
0: 
0: Epoch 196 Batch 0 Loss 0.3697 Accuracy 0.1521
0: Epoch 196 Loss 0.3318 Accuracy 0.1515
0: Time taken for 1 epoch: 29.80503225326538 secs
0: 
0: Epoch 197 Batch 0 Loss 0.3648 Accuracy 0.1545
0: Epoch 197 Loss 0.3329 Accuracy 0.1512
0: Time taken for 1 epoch: 29.75956916809082 secs
0: 
0: Epoch 198 Batch 0 Loss 0.3751 Accuracy 0.1518
0: Epoch 198 Loss 0.3310 Accuracy 0.1514
0: Time taken for 1 epoch: 29.771013498306274 secs
0: 
0: Epoch 199 Batch 0 Loss 0.3765 Accuracy 0.1510
0: Epoch 199 Loss 0.3283 Accuracy 0.1520
0: Time taken for 1 epoch: 29.756876230239868 secs
0: 
0: Epoch 200 Batch 0 Loss 0.3616 Accuracy 0.1527
0: Saving checkpoint for epoch 200 at ./checkpoints/dist/ckpt-40
0: Epoch 200 Loss 0.3169 Accuracy 0.1543
0: Time taken for 1 epoch: 30.159252405166626 secs
0: 
0: Epoch 201 Batch 0 Loss 0.3527 Accuracy 0.1557
0: Epoch 201 Loss 0.3066 Accuracy 0.1564
0: Time taken for 1 epoch: 29.752851009368896 secs
0: 
0: Epoch 202 Batch 0 Loss 0.3374 Accuracy 0.1589
0: Epoch 202 Loss 0.2996 Accuracy 0.1577
0: Time taken for 1 epoch: 29.728625774383545 secs
0: 
0: Epoch 203 Batch 0 Loss 0.3305 Accuracy 0.1596
0: Epoch 203 Loss 0.2934 Accuracy 0.1593
0: Time taken for 1 epoch: 29.762304067611694 secs
0: 
0: Epoch 204 Batch 0 Loss 0.3221 Accuracy 0.1610
0: Epoch 204 Loss 0.2884 Accuracy 0.1600
0: Time taken for 1 epoch: 29.744947910308838 secs
0: 
0: Epoch 205 Batch 0 Loss 0.3187 Accuracy 0.1630
0: Saving checkpoint for epoch 205 at ./checkpoints/dist/ckpt-41
0: Epoch 205 Loss 0.2855 Accuracy 0.1609
0: Time taken for 1 epoch: 30.09518527984619 secs
0: 
0: Epoch 206 Batch 0 Loss 0.3138 Accuracy 0.1626
0: Epoch 206 Loss 0.2824 Accuracy 0.1611
0: Time taken for 1 epoch: 29.775819540023804 secs
0: 
0: Epoch 207 Batch 0 Loss 0.3198 Accuracy 0.1603
0: Epoch 207 Loss 0.2825 Accuracy 0.1613
0: Time taken for 1 epoch: 29.74005627632141 secs
0: 
0: Epoch 208 Batch 0 Loss 0.3220 Accuracy 0.1597
0: Epoch 208 Loss 0.2842 Accuracy 0.1601
0: Time taken for 1 epoch: 29.73993420600891 secs
0: 
0: Epoch 209 Batch 0 Loss 0.3168 Accuracy 0.1611
0: Epoch 209 Loss 0.2861 Accuracy 0.1597
0: Time taken for 1 epoch: 29.771493911743164 secs
0: 
0: Epoch 210 Batch 0 Loss 0.3226 Accuracy 0.1605
0: Saving checkpoint for epoch 210 at ./checkpoints/dist/ckpt-42
0: Epoch 210 Loss 0.2848 Accuracy 0.1597
0: Time taken for 1 epoch: 30.108741998672485 secs
0: 
0: Epoch 211 Batch 0 Loss 0.3089 Accuracy 0.1622
0: Epoch 211 Loss 0.2767 Accuracy 0.1618
0: Time taken for 1 epoch: 29.758357286453247 secs
0: 
0: Epoch 212 Batch 0 Loss 0.3041 Accuracy 0.1641
0: Epoch 212 Loss 0.2699 Accuracy 0.1632
0: Time taken for 1 epoch: 29.755388259887695 secs
0: 
0: Epoch 213 Batch 0 Loss 0.2981 Accuracy 0.1655
0: Epoch 213 Loss 0.2640 Accuracy 0.1643
0: Time taken for 1 epoch: 29.738152265548706 secs
0: 
0: Epoch 214 Batch 0 Loss 0.2852 Accuracy 0.1682
0: Epoch 214 Loss 0.2593 Accuracy 0.1655
0: Time taken for 1 epoch: 29.753364086151123 secs
0: 
0: Epoch 215 Batch 0 Loss 0.2874 Accuracy 0.1683
0: Saving checkpoint for epoch 215 at ./checkpoints/dist/ckpt-43
0: Epoch 215 Loss 0.2578 Accuracy 0.1655
0: Time taken for 1 epoch: 30.054006099700928 secs
0: 
0: Epoch 216 Batch 0 Loss 0.2899 Accuracy 0.1667
0: Epoch 216 Loss 0.2575 Accuracy 0.1653
0: Time taken for 1 epoch: 29.806960821151733 secs
0: 
0: Epoch 217 Batch 0 Loss 0.2848 Accuracy 0.1666
0: Epoch 217 Loss 0.2547 Accuracy 0.1658
0: Time taken for 1 epoch: 29.81234574317932 secs
0: 
0: Epoch 218 Batch 0 Loss 0.2803 Accuracy 0.1687
0: Epoch 218 Loss 0.2529 Accuracy 0.1660
0: Time taken for 1 epoch: 29.769428491592407 secs
0: 
0: Epoch 219 Batch 0 Loss 0.2854 Accuracy 0.1673
0: Epoch 219 Loss 0.2510 Accuracy 0.1665
0: Time taken for 1 epoch: 29.784775018692017 secs
0: 
0: Epoch 220 Batch 0 Loss 0.2779 Accuracy 0.1690
0: Saving checkpoint for epoch 220 at ./checkpoints/dist/ckpt-44
0: Epoch 220 Loss 0.2491 Accuracy 0.1666
0: Time taken for 1 epoch: 30.09955883026123 secs
0: 
0: Epoch 221 Batch 0 Loss 0.2766 Accuracy 0.1681
0: Epoch 221 Loss 0.2507 Accuracy 0.1662
0: Time taken for 1 epoch: 29.722506761550903 secs
0: 
0: Epoch 222 Batch 0 Loss 0.2772 Accuracy 0.1673
0: Epoch 222 Loss 0.2483 Accuracy 0.1665
0: Time taken for 1 epoch: 29.72991919517517 secs
0: 
0: Epoch 223 Batch 0 Loss 0.2733 Accuracy 0.1686
0: Epoch 223 Loss 0.2488 Accuracy 0.1661
0: Time taken for 1 epoch: 29.741196632385254 secs
0: 
0: Epoch 224 Batch 0 Loss 0.2779 Accuracy 0.1683
0: Epoch 224 Loss 0.2524 Accuracy 0.1651
0: Time taken for 1 epoch: 29.71554183959961 secs
0: 
0: Epoch 225 Batch 0 Loss 0.2782 Accuracy 0.1693
0: Saving checkpoint for epoch 225 at ./checkpoints/dist/ckpt-45
0: Epoch 225 Loss 0.2446 Accuracy 0.1672
0: Time taken for 1 epoch: 30.071127891540527 secs
0: 
0: Epoch 226 Batch 0 Loss 0.2685 Accuracy 0.1697
0: Epoch 226 Loss 0.2393 Accuracy 0.1681
0: Time taken for 1 epoch: 29.750861883163452 secs
0: 
0: Epoch 227 Batch 0 Loss 0.2667 Accuracy 0.1710
0: Epoch 227 Loss 0.2371 Accuracy 0.1685
0: Time taken for 1 epoch: 29.789899587631226 secs
0: 
0: Epoch 228 Batch 0 Loss 0.2621 Accuracy 0.1716
0: Epoch 228 Loss 0.2356 Accuracy 0.1690
0: Time taken for 1 epoch: 29.7536883354187 secs
0: 
0: Epoch 229 Batch 0 Loss 0.2549 Accuracy 0.1727
0: Epoch 229 Loss 0.2322 Accuracy 0.1696
0: Time taken for 1 epoch: 29.795572996139526 secs
0: 
0: Epoch 230 Batch 0 Loss 0.2574 Accuracy 0.1719
0: Saving checkpoint for epoch 230 at ./checkpoints/dist/ckpt-46
0: Epoch 230 Loss 0.2275 Accuracy 0.1708
0: Time taken for 1 epoch: 30.125997304916382 secs
0: 
0: Epoch 231 Batch 0 Loss 0.2447 Accuracy 0.1748
0: Epoch 231 Loss 0.2205 Accuracy 0.1723
0: Time taken for 1 epoch: 29.769036531448364 secs
0: 
0: Epoch 232 Batch 0 Loss 0.2447 Accuracy 0.1746
0: Epoch 232 Loss 0.2194 Accuracy 0.1725
0: Time taken for 1 epoch: 29.73695683479309 secs
0: 
0: Epoch 233 Batch 0 Loss 0.2458 Accuracy 0.1738
0: Epoch 233 Loss 0.2178 Accuracy 0.1728
0: Time taken for 1 epoch: 29.75020146369934 secs
0: 
0: Epoch 234 Batch 0 Loss 0.2401 Accuracy 0.1757
0: Epoch 234 Loss 0.2134 Accuracy 0.1737
0: Time taken for 1 epoch: 29.757997751235962 secs
0: 
0: Epoch 235 Batch 0 Loss 0.2438 Accuracy 0.1744
0: Saving checkpoint for epoch 235 at ./checkpoints/dist/ckpt-47
0: Epoch 235 Loss 0.2115 Accuracy 0.1744
0: Time taken for 1 epoch: 30.096839666366577 secs
0: 
0: Epoch 236 Batch 0 Loss 0.2363 Accuracy 0.1758
0: Epoch 236 Loss 0.2079 Accuracy 0.1750
0: Time taken for 1 epoch: 29.756190061569214 secs
0: 
0: Epoch 237 Batch 0 Loss 0.2249 Accuracy 0.1791
0: Epoch 237 Loss 0.2059 Accuracy 0.1752
0: Time taken for 1 epoch: 29.764463424682617 secs
0: 
0: Epoch 238 Batch 0 Loss 0.2217 Accuracy 0.1803
0: Epoch 238 Loss 0.2032 Accuracy 0.1756
0: Time taken for 1 epoch: 29.842747449874878 secs
0: 
0: Epoch 239 Batch 0 Loss 0.2224 Accuracy 0.1799
0: Epoch 239 Loss 0.2019 Accuracy 0.1760
0: Time taken for 1 epoch: 29.815646648406982 secs
0: 
0: Epoch 240 Batch 0 Loss 0.2197 Accuracy 0.1796
0: Saving checkpoint for epoch 240 at ./checkpoints/dist/ckpt-48
0: Epoch 240 Loss 0.1973 Accuracy 0.1773
0: Time taken for 1 epoch: 30.31954312324524 secs
0: 
0: Epoch 241 Batch 0 Loss 0.2229 Accuracy 0.1790
0: Epoch 241 Loss 0.1942 Accuracy 0.1781
0: Time taken for 1 epoch: 29.7020320892334 secs
0: 
0: Epoch 242 Batch 0 Loss 0.2148 Accuracy 0.1815
0: Epoch 242 Loss 0.1910 Accuracy 0.1784
0: Time taken for 1 epoch: 29.70523738861084 secs
0: 
0: Epoch 243 Batch 0 Loss 0.2106 Accuracy 0.1820
0: Epoch 243 Loss 0.1877 Accuracy 0.1793
0: Time taken for 1 epoch: 29.748713493347168 secs
0: 
0: Epoch 244 Batch 0 Loss 0.2057 Accuracy 0.1827
0: Epoch 244 Loss 0.1882 Accuracy 0.1793
0: Time taken for 1 epoch: 29.76304340362549 secs
0: 
0: Epoch 245 Batch 0 Loss 0.2086 Accuracy 0.1834
0: Saving checkpoint for epoch 245 at ./checkpoints/dist/ckpt-49
0: Epoch 245 Loss 0.1900 Accuracy 0.1786
0: Time taken for 1 epoch: 30.257187366485596 secs
0: 
0: Epoch 246 Batch 0 Loss 0.2063 Accuracy 0.1827
0: Epoch 246 Loss 0.1888 Accuracy 0.1784
0: Time taken for 1 epoch: 29.741597414016724 secs
0: 
0: Epoch 247 Batch 0 Loss 0.2059 Accuracy 0.1833
0: Epoch 247 Loss 0.1881 Accuracy 0.1787
0: Time taken for 1 epoch: 29.756055116653442 secs
0: 
0: Epoch 248 Batch 0 Loss 0.2179 Accuracy 0.1800
0: Epoch 248 Loss 0.1885 Accuracy 0.1787
0: Time taken for 1 epoch: 29.787896633148193 secs
0: 
0: Epoch 249 Batch 0 Loss 0.2080 Accuracy 0.1824
0: Epoch 249 Loss 0.1874 Accuracy 0.1787
0: Time taken for 1 epoch: 29.751473665237427 secs
0: 
0: Epoch 250 Batch 0 Loss 0.2039 Accuracy 0.1823
0: Saving checkpoint for epoch 250 at ./checkpoints/dist/ckpt-50
0: Epoch 250 Loss 0.1868 Accuracy 0.1785
0: Time taken for 1 epoch: 30.09954071044922 secs
0: 
0: Epoch 251 Batch 0 Loss 0.2100 Accuracy 0.1808
0: Epoch 251 Loss 0.1811 Accuracy 0.1800
0: Time taken for 1 epoch: 29.737478971481323 secs
0: 
0: Epoch 252 Batch 0 Loss 0.2066 Accuracy 0.1805
0: Epoch 252 Loss 0.1768 Accuracy 0.1813
0: Time taken for 1 epoch: 29.733678817749023 secs
0: 
0: Epoch 253 Batch 0 Loss 0.1900 Accuracy 0.1862
0: Epoch 253 Loss 0.1716 Accuracy 0.1827
0: Time taken for 1 epoch: 29.742673873901367 secs
0: 
0: Epoch 254 Batch 0 Loss 0.1810 Accuracy 0.1890
0: Epoch 254 Loss 0.1677 Accuracy 0.1835
0: Time taken for 1 epoch: 29.769070148468018 secs
0: 
0: Epoch 255 Batch 0 Loss 0.1863 Accuracy 0.1864
0: Saving checkpoint for epoch 255 at ./checkpoints/dist/ckpt-51
0: Epoch 255 Loss 0.1688 Accuracy 0.1830
0: Time taken for 1 epoch: 30.141074895858765 secs
0: 
0: Epoch 256 Batch 0 Loss 0.1826 Accuracy 0.1884
0: Epoch 256 Loss 0.1693 Accuracy 0.1829
0: Time taken for 1 epoch: 29.752854585647583 secs
0: 
0: Epoch 257 Batch 0 Loss 0.1902 Accuracy 0.1853
0: Epoch 257 Loss 0.1716 Accuracy 0.1817
0: Time taken for 1 epoch: 29.775988578796387 secs
0: 
0: Epoch 258 Batch 0 Loss 0.1918 Accuracy 0.1850
0: Epoch 258 Loss 0.1688 Accuracy 0.1828
0: Time taken for 1 epoch: 29.775630950927734 secs
0: 
0: Epoch 259 Batch 0 Loss 0.1801 Accuracy 0.1881
0: Epoch 259 Loss 0.1669 Accuracy 0.1836
0: Time taken for 1 epoch: 29.770039081573486 secs
0: 
0: Epoch 260 Batch 0 Loss 0.1866 Accuracy 0.1860
0: Saving checkpoint for epoch 260 at ./checkpoints/dist/ckpt-52
0: Epoch 260 Loss 0.1638 Accuracy 0.1840
0: Time taken for 1 epoch: 30.20835590362549 secs
0: 
0: Epoch 261 Batch 0 Loss 0.1798 Accuracy 0.1888
0: Epoch 261 Loss 0.1620 Accuracy 0.1849
0: Time taken for 1 epoch: 29.70944571495056 secs
0: 
0: Epoch 262 Batch 0 Loss 0.1807 Accuracy 0.1872
0: Epoch 262 Loss 0.1607 Accuracy 0.1849
0: Time taken for 1 epoch: 29.70748782157898 secs
0: 
0: Epoch 263 Batch 0 Loss 0.1785 Accuracy 0.1873
0: Epoch 263 Loss 0.1609 Accuracy 0.1845
0: Time taken for 1 epoch: 29.764693021774292 secs
0: 
0: Epoch 264 Batch 0 Loss 0.1795 Accuracy 0.1881
0: Epoch 264 Loss 0.1594 Accuracy 0.1851
0: Time taken for 1 epoch: 29.738315105438232 secs
0: 
0: Epoch 265 Batch 0 Loss 0.1736 Accuracy 0.1890
0: Saving checkpoint for epoch 265 at ./checkpoints/dist/ckpt-53
0: Epoch 265 Loss 0.1577 Accuracy 0.1853
0: Time taken for 1 epoch: 30.28605055809021 secs
0: 
0: Epoch 266 Batch 0 Loss 0.1684 Accuracy 0.1901
0: Epoch 266 Loss 0.1540 Accuracy 0.1861
0: Time taken for 1 epoch: 29.742558240890503 secs
0: 
0: Epoch 267 Batch 0 Loss 0.1685 Accuracy 0.1900
0: Epoch 267 Loss 0.1535 Accuracy 0.1864
0: Time taken for 1 epoch: 29.78038215637207 secs
0: 
0: Epoch 268 Batch 0 Loss 0.1676 Accuracy 0.1896
0: Epoch 268 Loss 0.1537 Accuracy 0.1864
0: Time taken for 1 epoch: 29.80407166481018 secs
0: 
0: Epoch 269 Batch 0 Loss 0.1660 Accuracy 0.1910
0: Epoch 269 Loss 0.1496 Accuracy 0.1873
0: Time taken for 1 epoch: 29.729170322418213 secs
0: 
0: Epoch 270 Batch 0 Loss 0.1601 Accuracy 0.1927
0: Saving checkpoint for epoch 270 at ./checkpoints/dist/ckpt-54
0: Epoch 270 Loss 0.1474 Accuracy 0.1877
0: Time taken for 1 epoch: 30.155749559402466 secs
0: 
0: Epoch 271 Batch 0 Loss 0.1566 Accuracy 0.1933
0: Epoch 271 Loss 0.1444 Accuracy 0.1888
0: Time taken for 1 epoch: 29.74064016342163 secs
0: 
0: Epoch 272 Batch 0 Loss 0.1618 Accuracy 0.1915
0: Epoch 272 Loss 0.1444 Accuracy 0.1886
0: Time taken for 1 epoch: 29.749887228012085 secs
0: 
0: Epoch 273 Batch 0 Loss 0.1617 Accuracy 0.1919
0: Epoch 273 Loss 0.1448 Accuracy 0.1884
0: Time taken for 1 epoch: 29.75924015045166 secs
0: 
0: Epoch 274 Batch 0 Loss 0.1593 Accuracy 0.1929
0: Epoch 274 Loss 0.1444 Accuracy 0.1883
0: Time taken for 1 epoch: 29.753896474838257 secs
0: 
0: Epoch 275 Batch 0 Loss 0.1515 Accuracy 0.1942
0: Saving checkpoint for epoch 275 at ./checkpoints/dist/ckpt-55
0: Epoch 275 Loss 0.1416 Accuracy 0.1890
0: Time taken for 1 epoch: 30.116621732711792 secs
0: 
0: Epoch 276 Batch 0 Loss 0.1561 Accuracy 0.1935
0: Epoch 276 Loss 0.1399 Accuracy 0.1896
0: Time taken for 1 epoch: 29.76605796813965 secs
0: 
0: Epoch 277 Batch 0 Loss 0.1599 Accuracy 0.1920
0: Epoch 277 Loss 0.1397 Accuracy 0.1894
0: Time taken for 1 epoch: 29.781473875045776 secs
0: 
0: Epoch 278 Batch 0 Loss 0.1449 Accuracy 0.1956
0: Epoch 278 Loss 0.1392 Accuracy 0.1898
0: Time taken for 1 epoch: 29.779454708099365 secs
0: 
0: Epoch 279 Batch 0 Loss 0.1575 Accuracy 0.1930
0: Epoch 279 Loss 0.1402 Accuracy 0.1892
0: Time taken for 1 epoch: 29.84438157081604 secs
0: 
0: Epoch 280 Batch 0 Loss 0.1597 Accuracy 0.1921
0: Saving checkpoint for epoch 280 at ./checkpoints/dist/ckpt-56
0: Epoch 280 Loss 0.1430 Accuracy 0.1885
0: Time taken for 1 epoch: 30.108946561813354 secs
0: 
0: Epoch 281 Batch 0 Loss 0.1511 Accuracy 0.1944
0: Epoch 281 Loss 0.1392 Accuracy 0.1896
0: Time taken for 1 epoch: 29.731242656707764 secs
0: 
0: Epoch 282 Batch 0 Loss 0.1557 Accuracy 0.1924
0: Epoch 282 Loss 0.1371 Accuracy 0.1900
0: Time taken for 1 epoch: 29.781010150909424 secs
0: 
0: Epoch 283 Batch 0 Loss 0.1520 Accuracy 0.1931
0: Epoch 283 Loss 0.1346 Accuracy 0.1908
0: Time taken for 1 epoch: 29.70936393737793 secs
0: 
0: Epoch 284 Batch 0 Loss 0.1409 Accuracy 0.1956
0: Epoch 284 Loss 0.1325 Accuracy 0.1912
0: Time taken for 1 epoch: 29.677669763565063 secs
0: 
0: Epoch 285 Batch 0 Loss 0.1452 Accuracy 0.1951
0: Saving checkpoint for epoch 285 at ./checkpoints/dist/ckpt-57
0: Epoch 285 Loss 0.1309 Accuracy 0.1917
0: Time taken for 1 epoch: 30.114050149917603 secs
0: 
0: Epoch 286 Batch 0 Loss 0.1448 Accuracy 0.1954
0: Epoch 286 Loss 0.1315 Accuracy 0.1914
0: Time taken for 1 epoch: 29.771826028823853 secs
0: 
0: Epoch 287 Batch 0 Loss 0.1397 Accuracy 0.1976
0: Epoch 287 Loss 0.1291 Accuracy 0.1921
0: Time taken for 1 epoch: 29.813501119613647 secs
0: 
0: Epoch 288 Batch 0 Loss 0.1477 Accuracy 0.1939
0: Epoch 288 Loss 0.1299 Accuracy 0.1918
0: Time taken for 1 epoch: 29.758804082870483 secs
0: 
0: Epoch 289 Batch 0 Loss 0.1457 Accuracy 0.1957
0: Epoch 289 Loss 0.1313 Accuracy 0.1914
0: Time taken for 1 epoch: 29.746521711349487 secs
0: 
0: Epoch 290 Batch 0 Loss 0.1376 Accuracy 0.1973
0: Saving checkpoint for epoch 290 at ./checkpoints/dist/ckpt-58
0: Epoch 290 Loss 0.1290 Accuracy 0.1921
0: Time taken for 1 epoch: 30.086345672607422 secs
0: 
0: Epoch 291 Batch 0 Loss 0.1403 Accuracy 0.1965
0: Epoch 291 Loss 0.1267 Accuracy 0.1926
0: Time taken for 1 epoch: 29.816202878952026 secs
0: 
0: Epoch 292 Batch 0 Loss 0.1386 Accuracy 0.1976
0: Epoch 292 Loss 0.1247 Accuracy 0.1932
0: Time taken for 1 epoch: 29.746076822280884 secs
0: 
0: Epoch 293 Batch 0 Loss 0.1323 Accuracy 0.1976
0: Epoch 293 Loss 0.1213 Accuracy 0.1939
0: Time taken for 1 epoch: 29.74240231513977 secs
0: 
0: Epoch 294 Batch 0 Loss 0.1292 Accuracy 0.1993
0: Epoch 294 Loss 0.1202 Accuracy 0.1942
0: Time taken for 1 epoch: 29.733216285705566 secs
0: 
0: Epoch 295 Batch 0 Loss 0.1285 Accuracy 0.1998
0: Saving checkpoint for epoch 295 at ./checkpoints/dist/ckpt-59
0: Epoch 295 Loss 0.1199 Accuracy 0.1944
0: Time taken for 1 epoch: 30.04701519012451 secs
0: 
0: Epoch 296 Batch 0 Loss 0.1303 Accuracy 0.1988
0: Epoch 296 Loss 0.1194 Accuracy 0.1945
0: Time taken for 1 epoch: 29.776198148727417 secs
0: 
0: Epoch 297 Batch 0 Loss 0.1353 Accuracy 0.1977
0: Epoch 297 Loss 0.1197 Accuracy 0.1942
0: Time taken for 1 epoch: 29.773709774017334 secs
0: 
0: Epoch 298 Batch 0 Loss 0.1319 Accuracy 0.1983
0: Epoch 298 Loss 0.1197 Accuracy 0.1942
0: Time taken for 1 epoch: 29.777334451675415 secs
0: 
0: Epoch 299 Batch 0 Loss 0.1303 Accuracy 0.1992
0: Epoch 299 Loss 0.1209 Accuracy 0.1937
0: Time taken for 1 epoch: 29.779747486114502 secs
0: 
0: Epoch 300 Batch 0 Loss 0.1457 Accuracy 0.1942
0: Saving checkpoint for epoch 300 at ./checkpoints/dist/ckpt-60
0: Epoch 300 Loss 0.1248 Accuracy 0.1925
0: Time taken for 1 epoch: 30.175318956375122 secs
0: 
0: Epoch 301 Batch 0 Loss 0.1319 Accuracy 0.1981
0: Epoch 301 Loss 0.1229 Accuracy 0.1931
0: Time taken for 1 epoch: 29.69989323616028 secs
0: 
0: Epoch 302 Batch 0 Loss 0.1338 Accuracy 0.1980
0: Epoch 302 Loss 0.1210 Accuracy 0.1936
0: Time taken for 1 epoch: 29.72969365119934 secs
0: 
0: Epoch 303 Batch 0 Loss 0.1294 Accuracy 0.1992
0: Epoch 303 Loss 0.1208 Accuracy 0.1935
0: Time taken for 1 epoch: 29.746171236038208 secs
0: 
0: Epoch 304 Batch 0 Loss 0.1344 Accuracy 0.1971
0: Epoch 304 Loss 0.1214 Accuracy 0.1935
0: Time taken for 1 epoch: 29.768163204193115 secs
0: 
0: Epoch 305 Batch 0 Loss 0.1333 Accuracy 0.1972
0: Saving checkpoint for epoch 305 at ./checkpoints/dist/ckpt-61
0: Epoch 305 Loss 0.1168 Accuracy 0.1948
0: Time taken for 1 epoch: 30.04287028312683 secs
0: 
0: Epoch 306 Batch 0 Loss 0.1281 Accuracy 0.1995
0: Epoch 306 Loss 0.1117 Accuracy 0.1962
0: Time taken for 1 epoch: 29.804291248321533 secs
0: 
0: Epoch 307 Batch 0 Loss 0.1179 Accuracy 0.2023
0: Epoch 307 Loss 0.1075 Accuracy 0.1975
0: Time taken for 1 epoch: 29.760451793670654 secs
0: 
0: Epoch 308 Batch 0 Loss 0.1182 Accuracy 0.2023
0: Epoch 308 Loss 0.1055 Accuracy 0.1980
0: Time taken for 1 epoch: 29.740819454193115 secs
0: 
0: Epoch 309 Batch 0 Loss 0.1172 Accuracy 0.2013
0: Epoch 309 Loss 0.1034 Accuracy 0.1985
0: Time taken for 1 epoch: 29.755685567855835 secs
0: 
0: Epoch 310 Batch 0 Loss 0.1139 Accuracy 0.2024
0: Saving checkpoint for epoch 310 at ./checkpoints/dist/ckpt-62
0: Epoch 310 Loss 0.1014 Accuracy 0.1991
0: Time taken for 1 epoch: 30.220146656036377 secs
0: 
0: Epoch 311 Batch 0 Loss 0.1143 Accuracy 0.2027
0: Epoch 311 Loss 0.1007 Accuracy 0.1995
0: Time taken for 1 epoch: 29.726294994354248 secs
0: 
0: Epoch 312 Batch 0 Loss 0.1097 Accuracy 0.2045
0: Epoch 312 Loss 0.1015 Accuracy 0.1992
0: Time taken for 1 epoch: 29.749638319015503 secs
0: 
0: Epoch 313 Batch 0 Loss 0.1100 Accuracy 0.2042
0: Epoch 313 Loss 0.1014 Accuracy 0.1991
0: Time taken for 1 epoch: 29.731746435165405 secs
0: 
0: Epoch 314 Batch 0 Loss 0.1150 Accuracy 0.2023
0: Epoch 314 Loss 0.1037 Accuracy 0.1982
0: Time taken for 1 epoch: 29.759594202041626 secs
0: 
0: Epoch 315 Batch 0 Loss 0.1092 Accuracy 0.2037
0: Saving checkpoint for epoch 315 at ./checkpoints/dist/ckpt-63
0: Epoch 315 Loss 0.1021 Accuracy 0.1987
0: Time taken for 1 epoch: 30.11417555809021 secs
0: 
0: Epoch 316 Batch 0 Loss 0.1121 Accuracy 0.2035
0: Epoch 316 Loss 0.1037 Accuracy 0.1984
0: Time taken for 1 epoch: 29.786378622055054 secs
0: 
0: Epoch 317 Batch 0 Loss 0.1158 Accuracy 0.2027
0: Epoch 317 Loss 0.1078 Accuracy 0.1970
0: Time taken for 1 epoch: 29.786799669265747 secs
0: 
0: Epoch 318 Batch 0 Loss 0.1117 Accuracy 0.2041
0: Epoch 318 Loss 0.1046 Accuracy 0.1983
0: Time taken for 1 epoch: 29.72843074798584 secs
0: 
0: Epoch 319 Batch 0 Loss 0.1037 Accuracy 0.2059
0: Epoch 319 Loss 0.0992 Accuracy 0.1994
0: Time taken for 1 epoch: 29.770629405975342 secs
0: 
0: Epoch 320 Batch 0 Loss 0.1099 Accuracy 0.2035
0: Saving checkpoint for epoch 320 at ./checkpoints/dist/ckpt-64
0: Epoch 320 Loss 0.0991 Accuracy 0.1995
0: Time taken for 1 epoch: 30.14980983734131 secs
0: 
0: Epoch 321 Batch 0 Loss 0.1102 Accuracy 0.2041
0: Epoch 321 Loss 0.0994 Accuracy 0.1996
0: Time taken for 1 epoch: 29.712456941604614 secs
0: 
0: Epoch 322 Batch 0 Loss 0.1133 Accuracy 0.2033
0: Epoch 322 Loss 0.0984 Accuracy 0.1997
0: Time taken for 1 epoch: 29.713013887405396 secs
0: 
0: Epoch 323 Batch 0 Loss 0.1144 Accuracy 0.2030
0: Epoch 323 Loss 0.1000 Accuracy 0.1992
0: Time taken for 1 epoch: 29.708625316619873 secs
0: 
0: Epoch 324 Batch 0 Loss 0.1066 Accuracy 0.2046
0: Epoch 324 Loss 0.0993 Accuracy 0.1993
0: Time taken for 1 epoch: 29.737557649612427 secs
0: 
0: Epoch 325 Batch 0 Loss 0.1113 Accuracy 0.2038
0: Saving checkpoint for epoch 325 at ./checkpoints/dist/ckpt-65
0: Epoch 325 Loss 0.0997 Accuracy 0.1992
0: Time taken for 1 epoch: 30.28186273574829 secs
0: 
0: Epoch 326 Batch 0 Loss 0.1119 Accuracy 0.2034
0: Epoch 326 Loss 0.0994 Accuracy 0.1991
0: Time taken for 1 epoch: 29.737423181533813 secs
0: 
0: Epoch 327 Batch 0 Loss 0.1100 Accuracy 0.2046
0: Epoch 327 Loss 0.0989 Accuracy 0.1994
0: Time taken for 1 epoch: 29.800156116485596 secs
0: 
0: Epoch 328 Batch 0 Loss 0.1059 Accuracy 0.2052
0: Epoch 328 Loss 0.0995 Accuracy 0.1993
0: Time taken for 1 epoch: 29.757750749588013 secs
0: 
0: Epoch 329 Batch 0 Loss 0.1183 Accuracy 0.2014
0: Epoch 329 Loss 0.0979 Accuracy 0.1998
0: Time taken for 1 epoch: 29.729291915893555 secs
0: 
0: Epoch 330 Batch 0 Loss 0.1000 Accuracy 0.2068
0: Saving checkpoint for epoch 330 at ./checkpoints/dist/ckpt-66
0: Epoch 330 Loss 0.0950 Accuracy 0.2004
0: Time taken for 1 epoch: 30.15719223022461 secs
0: 
0: Epoch 331 Batch 0 Loss 0.1035 Accuracy 0.2052
0: Epoch 331 Loss 0.0939 Accuracy 0.2008
0: Time taken for 1 epoch: 29.732746362686157 secs
0: 
0: Epoch 332 Batch 0 Loss 0.1015 Accuracy 0.2064
0: Epoch 332 Loss 0.0943 Accuracy 0.2008
0: Time taken for 1 epoch: 29.7764093875885 secs
0: 
0: Epoch 333 Batch 0 Loss 0.0943 Accuracy 0.2080
0: Epoch 333 Loss 0.0925 Accuracy 0.2011
0: Time taken for 1 epoch: 29.721537113189697 secs
0: 
0: Epoch 334 Batch 0 Loss 0.1039 Accuracy 0.2059
0: Epoch 334 Loss 0.0917 Accuracy 0.2015
0: Time taken for 1 epoch: 29.695306062698364 secs
0: 
0: Epoch 335 Batch 0 Loss 0.0992 Accuracy 0.2066
0: Saving checkpoint for epoch 335 at ./checkpoints/dist/ckpt-67
0: Epoch 335 Loss 0.0896 Accuracy 0.2021
0: Time taken for 1 epoch: 30.110085487365723 secs
0: 
0: Epoch 336 Batch 0 Loss 0.0907 Accuracy 0.2096
0: Epoch 336 Loss 0.0868 Accuracy 0.2029
0: Time taken for 1 epoch: 29.753117084503174 secs
0: 
0: Epoch 337 Batch 0 Loss 0.0937 Accuracy 0.2083
0: Epoch 337 Loss 0.0859 Accuracy 0.2028
0: Time taken for 1 epoch: 29.773605585098267 secs
0: 
0: Epoch 338 Batch 0 Loss 0.0951 Accuracy 0.2082
0: Epoch 338 Loss 0.0866 Accuracy 0.2030
0: Time taken for 1 epoch: 29.78270697593689 secs
0: 
0: Epoch 339 Batch 0 Loss 0.0933 Accuracy 0.2088
0: Epoch 339 Loss 0.0843 Accuracy 0.2034
0: Time taken for 1 epoch: 29.76238179206848 secs
0: 
0: Epoch 340 Batch 0 Loss 0.0945 Accuracy 0.2082
0: Saving checkpoint for epoch 340 at ./checkpoints/dist/ckpt-68
0: Epoch 340 Loss 0.0859 Accuracy 0.2031
0: Time taken for 1 epoch: 30.155455827713013 secs
0: 
0: Epoch 341 Batch 0 Loss 0.0941 Accuracy 0.2080
0: Epoch 341 Loss 0.0856 Accuracy 0.2031
0: Time taken for 1 epoch: 29.72787594795227 secs
0: 
0: Epoch 342 Batch 0 Loss 0.0921 Accuracy 0.2093
0: Epoch 342 Loss 0.0870 Accuracy 0.2027
0: Time taken for 1 epoch: 29.724529266357422 secs
0: 
0: Epoch 343 Batch 0 Loss 0.0984 Accuracy 0.2058
0: Epoch 343 Loss 0.0896 Accuracy 0.2018
0: Time taken for 1 epoch: 29.71610426902771 secs
0: 
0: Epoch 344 Batch 0 Loss 0.0951 Accuracy 0.2081
0: Epoch 344 Loss 0.0897 Accuracy 0.2019
0: Time taken for 1 epoch: 29.74760365486145 secs
0: 
0: Epoch 345 Batch 0 Loss 0.0979 Accuracy 0.2075
0: Saving checkpoint for epoch 345 at ./checkpoints/dist/ckpt-69
0: Epoch 345 Loss 0.0904 Accuracy 0.2019
0: Time taken for 1 epoch: 30.022233247756958 secs
0: 
0: Epoch 346 Batch 0 Loss 0.1004 Accuracy 0.2062
0: Epoch 346 Loss 0.0887 Accuracy 0.2023
0: Time taken for 1 epoch: 29.738747119903564 secs
0: 
0: Epoch 347 Batch 0 Loss 0.0976 Accuracy 0.2078
0: Epoch 347 Loss 0.0875 Accuracy 0.2025
0: Time taken for 1 epoch: 29.738665103912354 secs
0: 
0: Epoch 348 Batch 0 Loss 0.0990 Accuracy 0.2071
0: Epoch 348 Loss 0.0865 Accuracy 0.2029
0: Time taken for 1 epoch: 29.73742961883545 secs
0: 
0: Epoch 349 Batch 0 Loss 0.0948 Accuracy 0.2077
0: Epoch 349 Loss 0.0859 Accuracy 0.2029
0: Time taken for 1 epoch: 29.75980257987976 secs
0: 
0: Epoch 350 Batch 0 Loss 0.0937 Accuracy 0.2083
0: Saving checkpoint for epoch 350 at ./checkpoints/dist/ckpt-70
0: Epoch 350 Loss 0.0860 Accuracy 0.2027
0: Time taken for 1 epoch: 30.12165927886963 secs
0: 
0: Epoch 351 Batch 0 Loss 0.0983 Accuracy 0.2074
0: Epoch 351 Loss 0.0857 Accuracy 0.2031
0: Time taken for 1 epoch: 29.76146125793457 secs
0: 
0: Epoch 352 Batch 0 Loss 0.0954 Accuracy 0.2076
0: Epoch 352 Loss 0.0842 Accuracy 0.2036
0: Time taken for 1 epoch: 29.77693772315979 secs
0: 
0: Epoch 353 Batch 0 Loss 0.0921 Accuracy 0.2094
0: Epoch 353 Loss 0.0841 Accuracy 0.2033
0: Time taken for 1 epoch: 29.740790367126465 secs
0: 
0: Epoch 354 Batch 0 Loss 0.0967 Accuracy 0.2074
0: Epoch 354 Loss 0.0827 Accuracy 0.2038
0: Time taken for 1 epoch: 29.76044535636902 secs
0: 
0: Epoch 355 Batch 0 Loss 0.0884 Accuracy 0.2098
0: Saving checkpoint for epoch 355 at ./checkpoints/dist/ckpt-71
0: Epoch 355 Loss 0.0792 Accuracy 0.2047
0: Time taken for 1 epoch: 30.062548637390137 secs
0: 
0: Epoch 356 Batch 0 Loss 0.0912 Accuracy 0.2089
0: Epoch 356 Loss 0.0789 Accuracy 0.2049
0: Time taken for 1 epoch: 29.79124164581299 secs
0: 
0: Epoch 357 Batch 0 Loss 0.0887 Accuracy 0.2087
0: Epoch 357 Loss 0.0787 Accuracy 0.2051
0: Time taken for 1 epoch: 29.813483238220215 secs
0: 
0: Epoch 358 Batch 0 Loss 0.0822 Accuracy 0.2113
0: Epoch 358 Loss 0.0780 Accuracy 0.2051
0: Time taken for 1 epoch: 29.771409273147583 secs
0: 
0: Epoch 359 Batch 0 Loss 0.0871 Accuracy 0.2095
0: Epoch 359 Loss 0.0798 Accuracy 0.2046
0: Time taken for 1 epoch: 29.81025266647339 secs
0: 
0: Epoch 360 Batch 0 Loss 0.0860 Accuracy 0.2098
0: Saving checkpoint for epoch 360 at ./checkpoints/dist/ckpt-72
0: Epoch 360 Loss 0.0802 Accuracy 0.2045
0: Time taken for 1 epoch: 30.12580108642578 secs
0: 
0: Epoch 361 Batch 0 Loss 0.0896 Accuracy 0.2092
0: Epoch 361 Loss 0.0814 Accuracy 0.2040
0: Time taken for 1 epoch: 29.753337860107422 secs
0: 
0: Epoch 362 Batch 0 Loss 0.0879 Accuracy 0.2100
0: Epoch 362 Loss 0.0812 Accuracy 0.2042
0: Time taken for 1 epoch: 29.718780994415283 secs
0: 
0: Epoch 363 Batch 0 Loss 0.0909 Accuracy 0.2092
0: Epoch 363 Loss 0.0804 Accuracy 0.2045
0: Time taken for 1 epoch: 29.711130142211914 secs
0: 
0: Epoch 364 Batch 0 Loss 0.0846 Accuracy 0.2112
0: Epoch 364 Loss 0.0773 Accuracy 0.2054
0: Time taken for 1 epoch: 29.676541805267334 secs
0: 
0: Epoch 365 Batch 0 Loss 0.0829 Accuracy 0.2104
0: Saving checkpoint for epoch 365 at ./checkpoints/dist/ckpt-73
0: Epoch 365 Loss 0.0754 Accuracy 0.2058
0: Time taken for 1 epoch: 30.148090839385986 secs
0: 
0: Epoch 366 Batch 0 Loss 0.0795 Accuracy 0.2124
0: Epoch 366 Loss 0.0733 Accuracy 0.2064
0: Time taken for 1 epoch: 29.748124361038208 secs
0: 
0: Epoch 367 Batch 0 Loss 0.0788 Accuracy 0.2126
0: Epoch 367 Loss 0.0736 Accuracy 0.2064
0: Time taken for 1 epoch: 29.71048665046692 secs
0: 
0: Epoch 368 Batch 0 Loss 0.0802 Accuracy 0.2118
0: Epoch 368 Loss 0.0755 Accuracy 0.2060
0: Time taken for 1 epoch: 29.723831176757812 secs
0: 
0: Epoch 369 Batch 0 Loss 0.0919 Accuracy 0.2084
0: Epoch 369 Loss 0.0785 Accuracy 0.2050
0: Time taken for 1 epoch: 29.73954200744629 secs
0: 
0: Epoch 370 Batch 0 Loss 0.0835 Accuracy 0.2106
0: Saving checkpoint for epoch 370 at ./checkpoints/dist/ckpt-74
0: Epoch 370 Loss 0.0783 Accuracy 0.2048
0: Time taken for 1 epoch: 30.0605571269989 secs
0: 
0: Epoch 371 Batch 0 Loss 0.0881 Accuracy 0.2092
0: Epoch 371 Loss 0.0777 Accuracy 0.2051
0: Time taken for 1 epoch: 29.720133543014526 secs
0: 
0: Epoch 372 Batch 0 Loss 0.0896 Accuracy 0.2084
0: Epoch 372 Loss 0.0790 Accuracy 0.2048
0: Time taken for 1 epoch: 29.73086428642273 secs
0: 
0: Epoch 373 Batch 0 Loss 0.0830 Accuracy 0.2108
0: Epoch 373 Loss 0.0791 Accuracy 0.2047
0: Time taken for 1 epoch: 29.697996377944946 secs
0: 
0: Epoch 374 Batch 0 Loss 0.0892 Accuracy 0.2089
0: Epoch 374 Loss 0.0794 Accuracy 0.2045
0: Time taken for 1 epoch: 29.766368627548218 secs
0: 
0: Epoch 375 Batch 0 Loss 0.0828 Accuracy 0.2114
0: Saving checkpoint for epoch 375 at ./checkpoints/dist/ckpt-75
0: Epoch 375 Loss 0.0788 Accuracy 0.2047
0: Time taken for 1 epoch: 30.050687551498413 secs
0: 
0: Epoch 376 Batch 0 Loss 0.0875 Accuracy 0.2099
0: Epoch 376 Loss 0.0779 Accuracy 0.2052
0: Time taken for 1 epoch: 29.761446714401245 secs
0: 
0: Epoch 377 Batch 0 Loss 0.0864 Accuracy 0.2098
0: Epoch 377 Loss 0.0747 Accuracy 0.2062
0: Time taken for 1 epoch: 29.77012324333191 secs
0: 
0: Epoch 378 Batch 0 Loss 0.0799 Accuracy 0.2117
0: Epoch 378 Loss 0.0721 Accuracy 0.2067
0: Time taken for 1 epoch: 29.743184566497803 secs
0: 
0: Epoch 379 Batch 0 Loss 0.0789 Accuracy 0.2120
0: Epoch 379 Loss 0.0700 Accuracy 0.2075
0: Time taken for 1 epoch: 29.773476600646973 secs
0: 
0: Epoch 380 Batch 0 Loss 0.0762 Accuracy 0.2134
0: Saving checkpoint for epoch 380 at ./checkpoints/dist/ckpt-76
0: Epoch 380 Loss 0.0683 Accuracy 0.2081
0: Time taken for 1 epoch: 30.077474355697632 secs
0: 
0: Epoch 381 Batch 0 Loss 0.0720 Accuracy 0.2139
0: Epoch 381 Loss 0.0659 Accuracy 0.2085
0: Time taken for 1 epoch: 29.697272062301636 secs
0: 
0: Epoch 382 Batch 0 Loss 0.0734 Accuracy 0.2140
0: Epoch 382 Loss 0.0668 Accuracy 0.2084
0: Time taken for 1 epoch: 29.674203872680664 secs
0: 
0: Epoch 383 Batch 0 Loss 0.0704 Accuracy 0.2149
0: Epoch 383 Loss 0.0674 Accuracy 0.2081
0: Time taken for 1 epoch: 29.704299688339233 secs
0: 
0: Epoch 384 Batch 0 Loss 0.0719 Accuracy 0.2144
0: Epoch 384 Loss 0.0704 Accuracy 0.2073
0: Time taken for 1 epoch: 29.76462197303772 secs
0: 
0: Epoch 385 Batch 0 Loss 0.0778 Accuracy 0.2123
0: Saving checkpoint for epoch 385 at ./checkpoints/dist/ckpt-77
0: Epoch 385 Loss 0.0720 Accuracy 0.2068
0: Time taken for 1 epoch: 30.030206441879272 secs
0: 
0: Epoch 386 Batch 0 Loss 0.0738 Accuracy 0.2132
0: Epoch 386 Loss 0.0703 Accuracy 0.2071
0: Time taken for 1 epoch: 29.759294033050537 secs
0: 
0: Epoch 387 Batch 0 Loss 0.0768 Accuracy 0.2133
0: Epoch 387 Loss 0.0717 Accuracy 0.2069
0: Time taken for 1 epoch: 29.740153551101685 secs
0: 
0: Epoch 388 Batch 0 Loss 0.0801 Accuracy 0.2117
0: Epoch 388 Loss 0.0717 Accuracy 0.2068
0: Time taken for 1 epoch: 29.748905658721924 secs
0: 
0: Epoch 389 Batch 0 Loss 0.0816 Accuracy 0.2117
0: Epoch 389 Loss 0.0725 Accuracy 0.2066
0: Time taken for 1 epoch: 29.750802040100098 secs
0: 
0: Epoch 390 Batch 0 Loss 0.0836 Accuracy 0.2105
0: Saving checkpoint for epoch 390 at ./checkpoints/dist/ckpt-78
0: Epoch 390 Loss 0.0728 Accuracy 0.2065
0: Time taken for 1 epoch: 30.075695753097534 secs
0: 
0: Epoch 391 Batch 0 Loss 0.0765 Accuracy 0.2132
0: Epoch 391 Loss 0.0695 Accuracy 0.2075
0: Time taken for 1 epoch: 29.734244108200073 secs
0: 
0: Epoch 392 Batch 0 Loss 0.0819 Accuracy 0.2120
0: Epoch 392 Loss 0.0705 Accuracy 0.2072
0: Time taken for 1 epoch: 29.75514793395996 secs
0: 
0: Epoch 393 Batch 0 Loss 0.0740 Accuracy 0.2137
0: Epoch 393 Loss 0.0704 Accuracy 0.2074
0: Time taken for 1 epoch: 29.730708837509155 secs
0: 
0: Epoch 394 Batch 0 Loss 0.0788 Accuracy 0.2126
0: Epoch 394 Loss 0.0690 Accuracy 0.2077
0: Time taken for 1 epoch: 29.718400239944458 secs
0: 
0: Epoch 395 Batch 0 Loss 0.0799 Accuracy 0.2118
0: Saving checkpoint for epoch 395 at ./checkpoints/dist/ckpt-79
0: Epoch 395 Loss 0.0681 Accuracy 0.2078
0: Time taken for 1 epoch: 30.085237979888916 secs
0: 
0: Epoch 396 Batch 0 Loss 0.0728 Accuracy 0.2142
0: Epoch 396 Loss 0.0661 Accuracy 0.2088
0: Time taken for 1 epoch: 29.77923893928528 secs
0: 
0: Epoch 397 Batch 0 Loss 0.0698 Accuracy 0.2147
0: Epoch 397 Loss 0.0656 Accuracy 0.2087
0: Time taken for 1 epoch: 29.769474983215332 secs
0: 
0: Epoch 398 Batch 0 Loss 0.0709 Accuracy 0.2141
0: Epoch 398 Loss 0.0648 Accuracy 0.2088
0: Time taken for 1 epoch: 29.7982075214386 secs
0: 
0: Epoch 399 Batch 0 Loss 0.0720 Accuracy 0.2137
0: Epoch 399 Loss 0.0662 Accuracy 0.2083
0: Time taken for 1 epoch: 29.772486686706543 secs
0: 
0: Epoch 400 Batch 0 Loss 0.0747 Accuracy 0.2130
0: Saving checkpoint for epoch 400 at ./checkpoints/dist/ckpt-80
0: Epoch 400 Loss 0.0666 Accuracy 0.2082
0: Time taken for 1 epoch: 30.149314641952515 secs
0: 
0: Epoch 401 Batch 0 Loss 0.0736 Accuracy 0.2138
0: Epoch 401 Loss 0.0659 Accuracy 0.2086
0: Time taken for 1 epoch: 29.696815013885498 secs
0: 
0: Epoch 402 Batch 0 Loss 0.0710 Accuracy 0.2140
0: Epoch 402 Loss 0.0643 Accuracy 0.2089
0: Time taken for 1 epoch: 29.75002908706665 secs
0: 
0: Epoch 403 Batch 0 Loss 0.0675 Accuracy 0.2155
0: Epoch 403 Loss 0.0645 Accuracy 0.2089
0: Time taken for 1 epoch: 29.715730905532837 secs
0: 
0: Epoch 404 Batch 0 Loss 0.0700 Accuracy 0.2146
0: Epoch 404 Loss 0.0641 Accuracy 0.2090
0: Time taken for 1 epoch: 29.730551958084106 secs
0: 
0: Epoch 405 Batch 0 Loss 0.0752 Accuracy 0.2130
0: Saving checkpoint for epoch 405 at ./checkpoints/dist/ckpt-81
0: Epoch 405 Loss 0.0634 Accuracy 0.2093
0: Time taken for 1 epoch: 30.282245874404907 secs
0: 
0: Epoch 406 Batch 0 Loss 0.0738 Accuracy 0.2128
0: Epoch 406 Loss 0.0646 Accuracy 0.2089
0: Time taken for 1 epoch: 29.770961046218872 secs
0: 
0: Epoch 407 Batch 0 Loss 0.0638 Accuracy 0.2164
0: Epoch 407 Loss 0.0623 Accuracy 0.2097
0: Time taken for 1 epoch: 29.754634380340576 secs
0: 
0: Epoch 408 Batch 0 Loss 0.0708 Accuracy 0.2147
0: Epoch 408 Loss 0.0612 Accuracy 0.2101
0: Time taken for 1 epoch: 29.747605323791504 secs
0: 
0: Epoch 409 Batch 0 Loss 0.0657 Accuracy 0.2159
0: Epoch 409 Loss 0.0606 Accuracy 0.2100
0: Time taken for 1 epoch: 29.77780318260193 secs
0: 
0: Epoch 410 Batch 0 Loss 0.0645 Accuracy 0.2162
0: Saving checkpoint for epoch 410 at ./checkpoints/dist/ckpt-82
0: Epoch 410 Loss 0.0588 Accuracy 0.2106
0: Time taken for 1 epoch: 30.0747332572937 secs
0: 
0: Epoch 411 Batch 0 Loss 0.0663 Accuracy 0.2149
0: Epoch 411 Loss 0.0593 Accuracy 0.2104
0: Time taken for 1 epoch: 29.74181079864502 secs
0: 
0: Epoch 412 Batch 0 Loss 0.0651 Accuracy 0.2165
0: Epoch 412 Loss 0.0603 Accuracy 0.2101
0: Time taken for 1 epoch: 29.763604402542114 secs
0: 
0: Epoch 413 Batch 0 Loss 0.0670 Accuracy 0.2158
0: Epoch 413 Loss 0.0611 Accuracy 0.2099
0: Time taken for 1 epoch: 29.73818850517273 secs
0: 
0: Epoch 414 Batch 0 Loss 0.0650 Accuracy 0.2154
0: Epoch 414 Loss 0.0598 Accuracy 0.2103
0: Time taken for 1 epoch: 29.70869541168213 secs
0: 
0: Epoch 415 Batch 0 Loss 0.0656 Accuracy 0.2163
0: Saving checkpoint for epoch 415 at ./checkpoints/dist/ckpt-83
0: Epoch 415 Loss 0.0599 Accuracy 0.2102
0: Time taken for 1 epoch: 30.051037788391113 secs
0: 
0: Epoch 416 Batch 0 Loss 0.0660 Accuracy 0.2159
0: Epoch 416 Loss 0.0614 Accuracy 0.2099
0: Time taken for 1 epoch: 29.764639139175415 secs
0: 
0: Epoch 417 Batch 0 Loss 0.0699 Accuracy 0.2149
0: Epoch 417 Loss 0.0623 Accuracy 0.2095
0: Time taken for 1 epoch: 29.761011838912964 secs
0: 
0: Epoch 418 Batch 0 Loss 0.0676 Accuracy 0.2150
0: Epoch 418 Loss 0.0627 Accuracy 0.2092
0: Time taken for 1 epoch: 29.749986171722412 secs
0: 
0: Epoch 419 Batch 0 Loss 0.0664 Accuracy 0.2157
0: Epoch 419 Loss 0.0634 Accuracy 0.2092
0: Time taken for 1 epoch: 29.775436878204346 secs
0: 
0: Epoch 420 Batch 0 Loss 0.0721 Accuracy 0.2144
0: Saving checkpoint for epoch 420 at ./checkpoints/dist/ckpt-84
0: Epoch 420 Loss 0.0639 Accuracy 0.2092
0: Time taken for 1 epoch: 30.117053747177124 secs
0: 
0: Epoch 421 Batch 0 Loss 0.0718 Accuracy 0.2142
0: Epoch 421 Loss 0.0634 Accuracy 0.2091
0: Time taken for 1 epoch: 29.75486159324646 secs
0: 
0: Epoch 422 Batch 0 Loss 0.0690 Accuracy 0.2156
0: Epoch 422 Loss 0.0604 Accuracy 0.2101
0: Time taken for 1 epoch: 29.738465070724487 secs
0: 
0: Epoch 423 Batch 0 Loss 0.0656 Accuracy 0.2161
0: Epoch 423 Loss 0.0592 Accuracy 0.2105
0: Time taken for 1 epoch: 29.709752082824707 secs
0: 
0: Epoch 424 Batch 0 Loss 0.0592 Accuracy 0.2180
0: Epoch 424 Loss 0.0558 Accuracy 0.2116
0: Time taken for 1 epoch: 29.729879140853882 secs
0: 
0: Epoch 425 Batch 0 Loss 0.0626 Accuracy 0.2174
0: Saving checkpoint for epoch 425 at ./checkpoints/dist/ckpt-85
0: Epoch 425 Loss 0.0557 Accuracy 0.2116
0: Time taken for 1 epoch: 30.071383714675903 secs
0: 
0: Epoch 426 Batch 0 Loss 0.0572 Accuracy 0.2179
0: Epoch 426 Loss 0.0551 Accuracy 0.2116
0: Time taken for 1 epoch: 29.744849920272827 secs
0: 
0: Epoch 427 Batch 0 Loss 0.0638 Accuracy 0.2167
0: Epoch 427 Loss 0.0566 Accuracy 0.2112
0: Time taken for 1 epoch: 29.765201807022095 secs
0: 
0: Epoch 428 Batch 0 Loss 0.0668 Accuracy 0.2157
0: Epoch 428 Loss 0.0592 Accuracy 0.2103
0: Time taken for 1 epoch: 29.71824884414673 secs
0: 
0: Epoch 429 Batch 0 Loss 0.0596 Accuracy 0.2176
0: Epoch 429 Loss 0.0582 Accuracy 0.2106
0: Time taken for 1 epoch: 29.730741262435913 secs
0: 
0: Epoch 430 Batch 0 Loss 0.0718 Accuracy 0.2141
0: Saving checkpoint for epoch 430 at ./checkpoints/dist/ckpt-86
0: Epoch 430 Loss 0.0599 Accuracy 0.2102
0: Time taken for 1 epoch: 30.020463705062866 secs
0: 
0: Epoch 431 Batch 0 Loss 0.0698 Accuracy 0.2146
0: Epoch 431 Loss 0.0606 Accuracy 0.2100
0: Time taken for 1 epoch: 29.724095344543457 secs
0: 
0: Epoch 432 Batch 0 Loss 0.0639 Accuracy 0.2159
0: Epoch 432 Loss 0.0605 Accuracy 0.2099
0: Time taken for 1 epoch: 29.715468406677246 secs
0: 
0: Epoch 433 Batch 0 Loss 0.0650 Accuracy 0.2157
0: Epoch 433 Loss 0.0597 Accuracy 0.2103
0: Time taken for 1 epoch: 29.741245985031128 secs
0: 
0: Epoch 434 Batch 0 Loss 0.0677 Accuracy 0.2156
0: Epoch 434 Loss 0.0592 Accuracy 0.2105
0: Time taken for 1 epoch: 29.74096393585205 secs
0: 
0: Epoch 435 Batch 0 Loss 0.0678 Accuracy 0.2150
0: Saving checkpoint for epoch 435 at ./checkpoints/dist/ckpt-87
0: Epoch 435 Loss 0.0583 Accuracy 0.2107
0: Time taken for 1 epoch: 30.060420751571655 secs
0: 
0: Epoch 436 Batch 0 Loss 0.0603 Accuracy 0.2177
0: Epoch 436 Loss 0.0551 Accuracy 0.2117
0: Time taken for 1 epoch: 29.76592993736267 secs
0: 
0: Epoch 437 Batch 0 Loss 0.0630 Accuracy 0.2167
0: Epoch 437 Loss 0.0553 Accuracy 0.2117
0: Time taken for 1 epoch: 29.760486602783203 secs
0: 
0: Epoch 438 Batch 0 Loss 0.0657 Accuracy 0.2157
0: Epoch 438 Loss 0.0565 Accuracy 0.2111
0: Time taken for 1 epoch: 29.7833194732666 secs
0: 
0: Epoch 439 Batch 0 Loss 0.0667 Accuracy 0.2163
0: Epoch 439 Loss 0.0567 Accuracy 0.2111
0: Time taken for 1 epoch: 29.7640483379364 secs
0: 
0: Epoch 440 Batch 0 Loss 0.0626 Accuracy 0.2167
0: Saving checkpoint for epoch 440 at ./checkpoints/dist/ckpt-88
0: Epoch 440 Loss 0.0581 Accuracy 0.2108
0: Time taken for 1 epoch: 30.075368642807007 secs
0: 
0: Epoch 441 Batch 0 Loss 0.0616 Accuracy 0.2167
0: Epoch 441 Loss 0.0593 Accuracy 0.2104
0: Time taken for 1 epoch: 29.674843072891235 secs
0: 
0: Epoch 442 Batch 0 Loss 0.0620 Accuracy 0.2169
0: Epoch 442 Loss 0.0621 Accuracy 0.2097
0: Time taken for 1 epoch: 29.714239358901978 secs
0: 
0: Epoch 443 Batch 0 Loss 0.0660 Accuracy 0.2154
0: Epoch 443 Loss 0.0637 Accuracy 0.2089
0: Time taken for 1 epoch: 29.70871329307556 secs
0: 
0: Epoch 444 Batch 0 Loss 0.0744 Accuracy 0.2134
0: Epoch 444 Loss 0.0664 Accuracy 0.2082
0: Time taken for 1 epoch: 29.671695947647095 secs
0: 
0: Epoch 445 Batch 0 Loss 0.0783 Accuracy 0.2124
0: Saving checkpoint for epoch 445 at ./checkpoints/dist/ckpt-89
0: Epoch 445 Loss 0.0651 Accuracy 0.2087
0: Time taken for 1 epoch: 30.090057849884033 secs
0: 
0: Epoch 446 Batch 0 Loss 0.0638 Accuracy 0.2164
0: Epoch 446 Loss 0.0590 Accuracy 0.2105
0: Time taken for 1 epoch: 29.727784872055054 secs
0: 
0: Epoch 447 Batch 0 Loss 0.0622 Accuracy 0.2166
0: Epoch 447 Loss 0.0564 Accuracy 0.2111
0: Time taken for 1 epoch: 29.75973343849182 secs
0: 
0: Epoch 448 Batch 0 Loss 0.0601 Accuracy 0.2173
0: Epoch 448 Loss 0.0532 Accuracy 0.2121
0: Time taken for 1 epoch: 29.77874231338501 secs
0: 
0: Epoch 449 Batch 0 Loss 0.0624 Accuracy 0.2171
0: Epoch 449 Loss 0.0535 Accuracy 0.2121
0: Time taken for 1 epoch: 29.74083924293518 secs
0: 
0: Epoch 450 Batch 0 Loss 0.0555 Accuracy 0.2192
0: Saving checkpoint for epoch 450 at ./checkpoints/dist/ckpt-90
0: Epoch 450 Loss 0.0499 Accuracy 0.2132
0: Time taken for 1 epoch: 30.149785041809082 secs
0: 
0: Epoch 451 Batch 0 Loss 0.0598 Accuracy 0.2172
0: Epoch 451 Loss 0.0499 Accuracy 0.2133
0: Time taken for 1 epoch: 29.75269055366516 secs
0: 
0: Epoch 452 Batch 0 Loss 0.0540 Accuracy 0.2190
0: Epoch 452 Loss 0.0490 Accuracy 0.2136
0: Time taken for 1 epoch: 29.706188678741455 secs
0: 
0: Epoch 453 Batch 0 Loss 0.0531 Accuracy 0.2197
0: Epoch 453 Loss 0.0470 Accuracy 0.2140
0: Time taken for 1 epoch: 29.713246822357178 secs
0: 
0: Epoch 454 Batch 0 Loss 0.0535 Accuracy 0.2194
0: Epoch 454 Loss 0.0460 Accuracy 0.2144
0: Time taken for 1 epoch: 29.728081226348877 secs
0: 
0: Epoch 455 Batch 0 Loss 0.0497 Accuracy 0.2209
0: Saving checkpoint for epoch 455 at ./checkpoints/dist/ckpt-91
0: Epoch 455 Loss 0.0447 Accuracy 0.2148
0: Time taken for 1 epoch: 30.09696674346924 secs
0: 
0: Epoch 456 Batch 0 Loss 0.0483 Accuracy 0.2209
0: Epoch 456 Loss 0.0444 Accuracy 0.2150
0: Time taken for 1 epoch: 29.80545997619629 secs
0: 
0: Epoch 457 Batch 0 Loss 0.0481 Accuracy 0.2210
0: Epoch 457 Loss 0.0445 Accuracy 0.2150
0: Time taken for 1 epoch: 29.75071144104004 secs
0: 
0: Epoch 458 Batch 0 Loss 0.0496 Accuracy 0.2205
0: Epoch 458 Loss 0.0440 Accuracy 0.2150
0: Time taken for 1 epoch: 29.77735209465027 secs
0: 
0: Epoch 459 Batch 0 Loss 0.0507 Accuracy 0.2201
0: Epoch 459 Loss 0.0437 Accuracy 0.2150
0: Time taken for 1 epoch: 29.786141395568848 secs
0: 
0: Epoch 460 Batch 0 Loss 0.0499 Accuracy 0.2202
0: Saving checkpoint for epoch 460 at ./checkpoints/dist/ckpt-92
0: Epoch 460 Loss 0.0432 Accuracy 0.2152
0: Time taken for 1 epoch: 30.085153102874756 secs
0: 
0: Epoch 461 Batch 0 Loss 0.0476 Accuracy 0.2211
0: Epoch 461 Loss 0.0430 Accuracy 0.2152
0: Time taken for 1 epoch: 29.737761974334717 secs
0: 
0: Epoch 462 Batch 0 Loss 0.0462 Accuracy 0.2216
0: Epoch 462 Loss 0.0427 Accuracy 0.2153
0: Time taken for 1 epoch: 29.705538272857666 secs
0: 
0: Epoch 463 Batch 0 Loss 0.0471 Accuracy 0.2211
0: Epoch 463 Loss 0.0427 Accuracy 0.2153
0: Time taken for 1 epoch: 29.710371494293213 secs
0: 
0: Epoch 464 Batch 0 Loss 0.0459 Accuracy 0.2217
0: Epoch 464 Loss 0.0433 Accuracy 0.2153
0: Time taken for 1 epoch: 29.690911054611206 secs
0: 
0: Epoch 465 Batch 0 Loss 0.0522 Accuracy 0.2196
0: Saving checkpoint for epoch 465 at ./checkpoints/dist/ckpt-93
0: Epoch 465 Loss 0.0452 Accuracy 0.2146
0: Time taken for 1 epoch: 30.09719944000244 secs
0: 
0: Epoch 466 Batch 0 Loss 0.0464 Accuracy 0.2214
0: Epoch 466 Loss 0.0444 Accuracy 0.2147
0: Time taken for 1 epoch: 29.746464729309082 secs
0: 
0: Epoch 467 Batch 0 Loss 0.0496 Accuracy 0.2204
0: Epoch 467 Loss 0.0437 Accuracy 0.2151
0: Time taken for 1 epoch: 29.759962797164917 secs
0: 
0: Epoch 468 Batch 0 Loss 0.0493 Accuracy 0.2209
0: Epoch 468 Loss 0.0437 Accuracy 0.2150
0: Time taken for 1 epoch: 29.733266592025757 secs
0: 
0: Epoch 469 Batch 0 Loss 0.0490 Accuracy 0.2208
0: Epoch 469 Loss 0.0431 Accuracy 0.2153
0: Time taken for 1 epoch: 29.726202487945557 secs
0: 
0: Epoch 470 Batch 0 Loss 0.0503 Accuracy 0.2205
0: Saving checkpoint for epoch 470 at ./checkpoints/dist/ckpt-94
0: Epoch 470 Loss 0.0430 Accuracy 0.2153
0: Time taken for 1 epoch: 30.059206247329712 secs
0: 
0: Epoch 471 Batch 0 Loss 0.0468 Accuracy 0.2212
0: Epoch 471 Loss 0.0433 Accuracy 0.2152
0: Time taken for 1 epoch: 29.720982313156128 secs
0: 
0: Epoch 472 Batch 0 Loss 0.0480 Accuracy 0.2210
0: Epoch 472 Loss 0.0436 Accuracy 0.2150
0: Time taken for 1 epoch: 29.725747108459473 secs
0: 
0: Epoch 473 Batch 0 Loss 0.0468 Accuracy 0.2212
0: Epoch 473 Loss 0.0439 Accuracy 0.2150
0: Time taken for 1 epoch: 29.70207953453064 secs
0: 
0: Epoch 474 Batch 0 Loss 0.0478 Accuracy 0.2207
0: Epoch 474 Loss 0.0438 Accuracy 0.2150
0: Time taken for 1 epoch: 29.74493145942688 secs
0: 
0: Epoch 475 Batch 0 Loss 0.0525 Accuracy 0.2199
0: Saving checkpoint for epoch 475 at ./checkpoints/dist/ckpt-95
0: Epoch 475 Loss 0.0435 Accuracy 0.2151
0: Time taken for 1 epoch: 30.08900237083435 secs
0: 
0: Epoch 476 Batch 0 Loss 0.0493 Accuracy 0.2202
0: Epoch 476 Loss 0.0433 Accuracy 0.2151
0: Time taken for 1 epoch: 29.778090476989746 secs
0: 
0: Epoch 477 Batch 0 Loss 0.0448 Accuracy 0.2220
0: Epoch 477 Loss 0.0422 Accuracy 0.2154
0: Time taken for 1 epoch: 29.743847846984863 secs
0: 
0: Epoch 478 Batch 0 Loss 0.0455 Accuracy 0.2212
0: Epoch 478 Loss 0.0431 Accuracy 0.2152
0: Time taken for 1 epoch: 29.773011922836304 secs
0: 
0: Epoch 479 Batch 0 Loss 0.0476 Accuracy 0.2209
0: Epoch 479 Loss 0.0433 Accuracy 0.2152
0: Time taken for 1 epoch: 29.78195285797119 secs
0: 
0: Epoch 480 Batch 0 Loss 0.0452 Accuracy 0.2216
0: Saving checkpoint for epoch 480 at ./checkpoints/dist/ckpt-96
0: Epoch 480 Loss 0.0433 Accuracy 0.2150
0: Time taken for 1 epoch: 30.13104772567749 secs
0: 
0: Epoch 481 Batch 0 Loss 0.0483 Accuracy 0.2207
0: Epoch 481 Loss 0.0432 Accuracy 0.2151
0: Time taken for 1 epoch: 29.690373420715332 secs
0: 
0: Epoch 482 Batch 0 Loss 0.0454 Accuracy 0.2218
0: Epoch 482 Loss 0.0414 Accuracy 0.2156
0: Time taken for 1 epoch: 29.69290590286255 secs
0: 
0: Epoch 483 Batch 0 Loss 0.0470 Accuracy 0.2218
0: Epoch 483 Loss 0.0418 Accuracy 0.2157
0: Time taken for 1 epoch: 29.676914930343628 secs
0: 
0: Epoch 484 Batch 0 Loss 0.0450 Accuracy 0.2216
0: Epoch 484 Loss 0.0422 Accuracy 0.2154
0: Time taken for 1 epoch: 29.705336093902588 secs
0: 
0: Epoch 485 Batch 0 Loss 0.0483 Accuracy 0.2208
0: Saving checkpoint for epoch 485 at ./checkpoints/dist/ckpt-97
0: Epoch 485 Loss 0.0430 Accuracy 0.2152
0: Time taken for 1 epoch: 30.098336458206177 secs
0: 
0: Epoch 486 Batch 0 Loss 0.0471 Accuracy 0.2209
0: Epoch 486 Loss 0.0421 Accuracy 0.2152
0: Time taken for 1 epoch: 29.744370222091675 secs
0: 
0: Epoch 487 Batch 0 Loss 0.0508 Accuracy 0.2197
0: Epoch 487 Loss 0.0434 Accuracy 0.2150
0: Time taken for 1 epoch: 29.73452663421631 secs
0: 
0: Epoch 488 Batch 0 Loss 0.0515 Accuracy 0.2199
0: Epoch 488 Loss 0.0445 Accuracy 0.2147
0: Time taken for 1 epoch: 29.703418493270874 secs
0: 
0: Epoch 489 Batch 0 Loss 0.0494 Accuracy 0.2203
0: Epoch 489 Loss 0.0447 Accuracy 0.2147
0: Time taken for 1 epoch: 29.75406551361084 secs
0: 
0: Epoch 490 Batch 0 Loss 0.0523 Accuracy 0.2193
0: Saving checkpoint for epoch 490 at ./checkpoints/dist/ckpt-98
0: Epoch 490 Loss 0.0447 Accuracy 0.2147
0: Time taken for 1 epoch: 30.14379382133484 secs
0: 
0: Epoch 491 Batch 0 Loss 0.0484 Accuracy 0.2209
0: Epoch 491 Loss 0.0437 Accuracy 0.2150
0: Time taken for 1 epoch: 29.761269092559814 secs
0: 
0: Epoch 492 Batch 0 Loss 0.0462 Accuracy 0.2220
0: Epoch 492 Loss 0.0419 Accuracy 0.2155
0: Time taken for 1 epoch: 29.75610899925232 secs
0: 
0: Epoch 493 Batch 0 Loss 0.0473 Accuracy 0.2217
0: Epoch 493 Loss 0.0422 Accuracy 0.2154
0: Time taken for 1 epoch: 29.770328283309937 secs
0: 
0: Epoch 494 Batch 0 Loss 0.0462 Accuracy 0.2212
0: Epoch 494 Loss 0.0420 Accuracy 0.2155
0: Time taken for 1 epoch: 29.7316153049469 secs
0: 
0: Epoch 495 Batch 0 Loss 0.0480 Accuracy 0.2208
0: Saving checkpoint for epoch 495 at ./checkpoints/dist/ckpt-99
0: Epoch 495 Loss 0.0419 Accuracy 0.2154
0: Time taken for 1 epoch: 30.08025097846985 secs
0: 
0: Epoch 496 Batch 0 Loss 0.0454 Accuracy 0.2216
0: Epoch 496 Loss 0.0401 Accuracy 0.2161
0: Time taken for 1 epoch: 29.78639531135559 secs
0: 
0: Epoch 497 Batch 0 Loss 0.0448 Accuracy 0.2221
0: Epoch 497 Loss 0.0386 Accuracy 0.2166
0: Time taken for 1 epoch: 29.740964651107788 secs
0: 
0: Epoch 498 Batch 0 Loss 0.0446 Accuracy 0.2217
0: Epoch 498 Loss 0.0386 Accuracy 0.2165
0: Time taken for 1 epoch: 29.793468713760376 secs
0: 
0: Epoch 499 Batch 0 Loss 0.0417 Accuracy 0.2223
0: Epoch 499 Loss 0.0386 Accuracy 0.2166
0: Time taken for 1 epoch: 29.811068296432495 secs
0: 
0: Epoch 500 Batch 0 Loss 0.0433 Accuracy 0.2221
0: Saving checkpoint for epoch 500 at ./checkpoints/dist/ckpt-100
0: Epoch 500 Loss 0.0381 Accuracy 0.2167
0: Time taken for 1 epoch: 30.08362078666687 secs
0: 
0: Input: Colds are caused by viruses, which do not respond to antibiotics. Antibiotics are used to treat bacterial infections.
0: Predicted translation: "soak in raw tested stomach causes throat ifed"
